mode: set
github.com/illumio/terraform-provider-illumio-core/illumio-core/data_source_illumio_firewall_settings.go:79.59,287.2 1 1
github.com/illumio/terraform-provider-illumio-core/illumio-core/data_source_illumio_firewall_settings.go:289.121,297.16 6 1
github.com/illumio/terraform-provider-illumio-core/illumio-core/data_source_illumio_firewall_settings.go:301.2,313.43 3 1
github.com/illumio/terraform-provider-illumio-core/illumio-core/data_source_illumio_firewall_settings.go:318.2,323.4 1 1
github.com/illumio/terraform-provider-illumio-core/illumio-core/data_source_illumio_firewall_settings.go:326.2,327.20 2 1
github.com/illumio/terraform-provider-illumio-core/illumio-core/data_source_illumio_firewall_settings.go:297.16,299.3 1 0
github.com/illumio/terraform-provider-illumio-core/illumio-core/data_source_illumio_firewall_settings.go:313.43,314.23 1 1
github.com/illumio/terraform-provider-illumio-core/illumio-core/data_source_illumio_firewall_settings.go:314.23,316.4 1 1
github.com/illumio/terraform-provider-illumio-core/illumio-core/data_source_illumio_firewall_settings.go:323.4,325.3 1 1
github.com/illumio/terraform-provider-illumio-core/illumio-core/data_source_illumio_firewall_settings.go:330.69,332.22 2 1
github.com/illumio/terraform-provider-illumio-core/illumio-core/data_source_illumio_firewall_settings.go:362.2,362.12 1 0
github.com/illumio/terraform-provider-illumio-core/illumio-core/data_source_illumio_firewall_settings.go:332.22,334.49 2 1
github.com/illumio/terraform-provider-illumio-core/illumio-core/data_source_illumio_firewall_settings.go:360.3,360.12 1 1
github.com/illumio/terraform-provider-illumio-core/illumio-core/data_source_illumio_firewall_settings.go:334.49,337.24 3 1
github.com/illumio/terraform-provider-illumio-core/illumio-core/data_source_illumio_firewall_settings.go:342.4,343.24 2 1
github.com/illumio/terraform-provider-illumio-core/illumio-core/data_source_illumio_firewall_settings.go:348.4,349.24 2 1
github.com/illumio/terraform-provider-illumio-core/illumio-core/data_source_illumio_firewall_settings.go:358.4,358.24 1 1
github.com/illumio/terraform-provider-illumio-core/illumio-core/data_source_illumio_firewall_settings.go:337.24,339.5 1 1
github.com/illumio/terraform-provider-illumio-core/illumio-core/data_source_illumio_firewall_settings.go:339.10,341.5 1 0
github.com/illumio/terraform-provider-illumio-core/illumio-core/data_source_illumio_firewall_settings.go:343.24,345.5 1 1
github.com/illumio/terraform-provider-illumio-core/illumio-core/data_source_illumio_firewall_settings.go:345.10,347.5 1 0
github.com/illumio/terraform-provider-illumio-core/illumio-core/data_source_illumio_firewall_settings.go:349.24,351.51 2 1
github.com/illumio/terraform-provider-illumio-core/illumio-core/data_source_illumio_firewall_settings.go:354.5,354.16 1 1
github.com/illumio/terraform-provider-illumio-core/illumio-core/data_source_illumio_firewall_settings.go:351.51,353.6 1 1
github.com/illumio/terraform-provider-illumio-core/illumio-core/data_source_illumio_firewall_settings.go:355.10,357.5 1 0
github.com/illumio/terraform-provider-illumio-core/illumio-core/data_source_illumio_firewall_settings.go:365.78,366.22 1 1
github.com/illumio/terraform-provider-illumio-core/illumio-core/data_source_illumio_firewall_settings.go:385.2,385.12 1 0
github.com/illumio/terraform-provider-illumio-core/illumio-core/data_source_illumio_firewall_settings.go:366.22,368.49 2 1
github.com/illumio/terraform-provider-illumio-core/illumio-core/data_source_illumio_firewall_settings.go:383.3,383.12 1 1
github.com/illumio/terraform-provider-illumio-core/illumio-core/data_source_illumio_firewall_settings.go:368.49,370.45 2 1
github.com/illumio/terraform-provider-illumio-core/illumio-core/data_source_illumio_firewall_settings.go:381.4,381.23 1 1
github.com/illumio/terraform-provider-illumio-core/illumio-core/data_source_illumio_firewall_settings.go:370.45,372.56 2 1
github.com/illumio/terraform-provider-illumio-core/illumio-core/data_source_illumio_firewall_settings.go:379.5,379.30 1 1
github.com/illumio/terraform-provider-illumio-core/illumio-core/data_source_illumio_firewall_settings.go:372.56,373.26 1 1
github.com/illumio/terraform-provider-illumio-core/illumio-core/data_source_illumio_firewall_settings.go:373.26,375.7 1 1
github.com/illumio/terraform-provider-illumio-core/illumio-core/data_source_illumio_firewall_settings.go:375.12,377.7 1 1
github.com/illumio/terraform-provider-illumio-core/illumio-core/data_source_illumio_security_rules.go:86.56,118.2 1 1
github.com/illumio/terraform-provider-illumio-core/illumio-core/data_source_illumio_security_rules.go:120.118,136.16 8 1
github.com/illumio/terraform-provider-illumio-core/illumio-core/data_source_illumio_security_rules.go:139.2,161.39 4 1
github.com/illumio/terraform-provider-illumio-core/illumio-core/data_source_illumio_security_rules.go:194.2,196.20 2 1
github.com/illumio/terraform-provider-illumio-core/illumio-core/data_source_illumio_security_rules.go:136.16,138.3 1 0
github.com/illumio/terraform-provider-illumio-core/illumio-core/data_source_illumio_security_rules.go:161.39,165.26 3 1
github.com/illumio/terraform-provider-illumio-core/illumio-core/data_source_illumio_security_rules.go:169.3,170.25 2 1
github.com/illumio/terraform-provider-illumio-core/illumio-core/data_source_illumio_security_rules.go:181.3,182.32 2 1
github.com/illumio/terraform-provider-illumio-core/illumio-core/data_source_illumio_security_rules.go:186.3,187.31 2 1
github.com/illumio/terraform-provider-illumio-core/illumio-core/data_source_illumio_security_rules.go:191.3,191.24 1 1
github.com/illumio/terraform-provider-illumio-core/illumio-core/data_source_illumio_security_rules.go:165.26,167.4 1 1
github.com/illumio/terraform-provider-illumio-core/illumio-core/data_source_illumio_security_rules.go:170.25,179.4 2 1
github.com/illumio/terraform-provider-illumio-core/illumio-core/data_source_illumio_security_rules.go:182.32,184.4 1 1
github.com/illumio/terraform-provider-illumio-core/illumio-core/data_source_illumio_security_rules.go:187.31,189.4 1 1
github.com/illumio/terraform-provider-illumio-core/illumio-core/data_source_illumio_vulnerability.go:12.56,77.2 1 1
github.com/illumio/terraform-provider-illumio-core/illumio-core/data_source_illumio_vulnerability.go:79.118,88.16 6 1
github.com/illumio/terraform-provider-illumio-core/illumio-core/data_source_illumio_vulnerability.go:92.2,104.4 2 1
github.com/illumio/terraform-provider-illumio-core/illumio-core/data_source_illumio_vulnerability.go:112.2,112.14 1 1
github.com/illumio/terraform-provider-illumio-core/illumio-core/data_source_illumio_vulnerability.go:88.16,90.3 1 0
github.com/illumio/terraform-provider-illumio-core/illumio-core/data_source_illumio_vulnerability.go:104.4,105.21 1 1
github.com/illumio/terraform-provider-illumio-core/illumio-core/data_source_illumio_vulnerability.go:105.21,107.4 1 1
github.com/illumio/terraform-provider-illumio-core/illumio-core/data_source_illumio_vulnerability.go:107.9,109.4 1 0
github.com/illumio/terraform-provider-illumio-core/illumio-core/data_source_illumio_organization_settings.go:21.63,45.2 1 1
github.com/illumio/terraform-provider-illumio-core/illumio-core/data_source_illumio_organization_settings.go:47.125,55.16 6 1
github.com/illumio/terraform-provider-illumio-core/illumio-core/data_source_illumio_organization_settings.go:59.2,65.4 2 1
github.com/illumio/terraform-provider-illumio-core/illumio-core/data_source_illumio_organization_settings.go:73.2,73.20 1 1
github.com/illumio/terraform-provider-illumio-core/illumio-core/data_source_illumio_organization_settings.go:55.16,57.3 1 0
github.com/illumio/terraform-provider-illumio-core/illumio-core/data_source_illumio_organization_settings.go:65.4,66.23 1 1
github.com/illumio/terraform-provider-illumio-core/illumio-core/data_source_illumio_organization_settings.go:66.23,68.4 1 1
github.com/illumio/terraform-provider-illumio-core/illumio-core/data_source_illumio_organization_settings.go:68.9,70.4 1 0
github.com/illumio/terraform-provider-illumio-core/illumio-core/data_source_illumio_service_binding.go:16.57,123.2 1 1
github.com/illumio/terraform-provider-illumio-core/illumio-core/data_source_illumio_service_binding.go:125.119,134.16 6 1
github.com/illumio/terraform-provider-illumio-core/illumio-core/data_source_illumio_service_binding.go:138.2,145.4 2 1
github.com/illumio/terraform-provider-illumio-core/illumio-core/data_source_illumio_service_binding.go:153.2,153.39 1 1
github.com/illumio/terraform-provider-illumio-core/illumio-core/data_source_illumio_service_binding.go:159.2,159.35 1 1
github.com/illumio/terraform-provider-illumio-core/illumio-core/data_source_illumio_service_binding.go:172.2,172.29 1 1
github.com/illumio/terraform-provider-illumio-core/illumio-core/data_source_illumio_service_binding.go:178.2,178.20 1 1
github.com/illumio/terraform-provider-illumio-core/illumio-core/data_source_illumio_service_binding.go:134.16,136.3 1 0
github.com/illumio/terraform-provider-illumio-core/illumio-core/data_source_illumio_service_binding.go:145.4,146.23 1 1
github.com/illumio/terraform-provider-illumio-core/illumio-core/data_source_illumio_service_binding.go:146.23,148.4 1 1
github.com/illumio/terraform-provider-illumio-core/illumio-core/data_source_illumio_service_binding.go:148.9,150.4 1 1
github.com/illumio/terraform-provider-illumio-core/illumio-core/data_source_illumio_service_binding.go:153.39,155.3 1 0
github.com/illumio/terraform-provider-illumio-core/illumio-core/data_source_illumio_service_binding.go:155.8,157.3 1 1
github.com/illumio/terraform-provider-illumio-core/illumio-core/data_source_illumio_service_binding.go:159.35,163.37 3 1
github.com/illumio/terraform-provider-illumio-core/illumio-core/data_source_illumio_service_binding.go:167.3,167.31 1 1
github.com/illumio/terraform-provider-illumio-core/illumio-core/data_source_illumio_service_binding.go:163.37,165.4 1 0
github.com/illumio/terraform-provider-illumio-core/illumio-core/data_source_illumio_service_binding.go:168.8,170.3 1 0
github.com/illumio/terraform-provider-illumio-core/illumio-core/data_source_illumio_service_binding.go:172.29,174.3 1 1
github.com/illumio/terraform-provider-illumio-core/illumio-core/data_source_illumio_service_binding.go:174.8,176.3 1 0
github.com/illumio/terraform-provider-illumio-core/illumio-core/data_source_illumio_pairing_profile.go:54.57,232.2 1 1
github.com/illumio/terraform-provider-illumio-core/illumio-core/data_source_illumio_pairing_profile.go:234.119,242.16 6 1
github.com/illumio/terraform-provider-illumio-core/illumio-core/data_source_illumio_pairing_profile.go:245.2,277.4 2 1
github.com/illumio/terraform-provider-illumio-core/illumio-core/data_source_illumio_pairing_profile.go:285.2,285.27 1 1
github.com/illumio/terraform-provider-illumio-core/illumio-core/data_source_illumio_pairing_profile.go:291.2,291.20 1 1
github.com/illumio/terraform-provider-illumio-core/illumio-core/data_source_illumio_pairing_profile.go:242.16,244.3 1 0
github.com/illumio/terraform-provider-illumio-core/illumio-core/data_source_illumio_pairing_profile.go:277.4,278.52 1 1
github.com/illumio/terraform-provider-illumio-core/illumio-core/data_source_illumio_pairing_profile.go:278.52,280.4 1 1
github.com/illumio/terraform-provider-illumio-core/illumio-core/data_source_illumio_pairing_profile.go:280.9,282.4 1 1
github.com/illumio/terraform-provider-illumio-core/illumio-core/data_source_illumio_pairing_profile.go:285.27,287.3 1 1
github.com/illumio/terraform-provider-illumio-core/illumio-core/data_source_illumio_pairing_profile.go:287.8,289.3 1 0
github.com/illumio/terraform-provider-illumio-core/illumio-core/data_source_illumio_security_rule.go:83.55,90.2 1 1
github.com/illumio/terraform-provider-illumio-core/illumio-core/data_source_illumio_security_rule.go:92.80,328.18 2 1
github.com/illumio/terraform-provider-illumio-core/illumio-core/data_source_illumio_security_rule.go:342.2,342.10 1 1
github.com/illumio/terraform-provider-illumio-core/illumio-core/data_source_illumio_security_rule.go:328.18,335.3 1 1
github.com/illumio/terraform-provider-illumio-core/illumio-core/data_source_illumio_security_rule.go:335.8,341.3 1 1
github.com/illumio/terraform-provider-illumio-core/illumio-core/data_source_illumio_security_rule.go:345.117,353.16 6 1
github.com/illumio/terraform-provider-illumio-core/illumio-core/data_source_illumio_security_rule.go:357.2,378.29 3 1
github.com/illumio/terraform-provider-illumio-core/illumio-core/data_source_illumio_security_rule.go:386.2,387.25 2 1
github.com/illumio/terraform-provider-illumio-core/illumio-core/data_source_illumio_security_rule.go:397.2,398.24 2 1
github.com/illumio/terraform-provider-illumio-core/illumio-core/data_source_illumio_security_rule.go:409.2,410.31 2 1
github.com/illumio/terraform-provider-illumio-core/illumio-core/data_source_illumio_security_rule.go:414.2,415.30 2 1
github.com/illumio/terraform-provider-illumio-core/illumio-core/data_source_illumio_security_rule.go:419.2,419.20 1 1
github.com/illumio/terraform-provider-illumio-core/illumio-core/data_source_illumio_security_rule.go:353.16,355.3 1 0
github.com/illumio/terraform-provider-illumio-core/illumio-core/data_source_illumio_security_rule.go:378.29,379.52 1 1
github.com/illumio/terraform-provider-illumio-core/illumio-core/data_source_illumio_security_rule.go:379.52,381.4 1 1
github.com/illumio/terraform-provider-illumio-core/illumio-core/data_source_illumio_security_rule.go:381.9,383.4 1 1
github.com/illumio/terraform-provider-illumio-core/illumio-core/data_source_illumio_security_rule.go:387.25,395.3 5 1
github.com/illumio/terraform-provider-illumio-core/illumio-core/data_source_illumio_security_rule.go:398.24,407.3 2 1
github.com/illumio/terraform-provider-illumio-core/illumio-core/data_source_illumio_security_rule.go:410.31,412.3 1 1
github.com/illumio/terraform-provider-illumio-core/illumio-core/data_source_illumio_security_rule.go:415.30,417.3 1 1
github.com/illumio/terraform-provider-illumio-core/illumio-core/resource_illumio_firewall_settings.go:20.47,42.2 1 1
github.com/illumio/terraform-provider-illumio-core/illumio-core/resource_illumio_firewall_settings.go:44.57,155.2 1 1
github.com/illumio/terraform-provider-illumio-core/illumio-core/resource_illumio_firewall_settings.go:157.121,165.2 1 0
github.com/illumio/terraform-provider-illumio-core/illumio-core/resource_illumio_firewall_settings.go:167.119,175.16 6 0
github.com/illumio/terraform-provider-illumio-core/illumio-core/resource_illumio_firewall_settings.go:179.2,191.43 3 0
github.com/illumio/terraform-provider-illumio-core/illumio-core/resource_illumio_firewall_settings.go:198.2,203.4 1 0
github.com/illumio/terraform-provider-illumio-core/illumio-core/resource_illumio_firewall_settings.go:210.2,211.22 2 0
github.com/illumio/terraform-provider-illumio-core/illumio-core/resource_illumio_firewall_settings.go:216.2,216.20 1 0
github.com/illumio/terraform-provider-illumio-core/illumio-core/resource_illumio_firewall_settings.go:175.16,177.3 1 0
github.com/illumio/terraform-provider-illumio-core/illumio-core/resource_illumio_firewall_settings.go:191.43,192.52 1 0
github.com/illumio/terraform-provider-illumio-core/illumio-core/resource_illumio_firewall_settings.go:192.52,194.4 1 0
github.com/illumio/terraform-provider-illumio-core/illumio-core/resource_illumio_firewall_settings.go:194.9,196.4 1 0
github.com/illumio/terraform-provider-illumio-core/illumio-core/resource_illumio_firewall_settings.go:203.4,204.52 1 0
github.com/illumio/terraform-provider-illumio-core/illumio-core/resource_illumio_firewall_settings.go:204.52,206.4 1 0
github.com/illumio/terraform-provider-illumio-core/illumio-core/resource_illumio_firewall_settings.go:206.9,208.4 1 0
github.com/illumio/terraform-provider-illumio-core/illumio-core/resource_illumio_firewall_settings.go:211.22,213.3 1 0
github.com/illumio/terraform-provider-illumio-core/illumio-core/resource_illumio_firewall_settings.go:213.8,215.3 1 0
github.com/illumio/terraform-provider-illumio-core/illumio-core/resource_illumio_firewall_settings.go:219.121,241.22 17 0
github.com/illumio/terraform-provider-illumio-core/illumio-core/resource_illumio_firewall_settings.go:245.2,246.16 2 0
github.com/illumio/terraform-provider-illumio-core/illumio-core/resource_illumio_firewall_settings.go:249.2,251.55 2 0
github.com/illumio/terraform-provider-illumio-core/illumio-core/resource_illumio_firewall_settings.go:241.22,243.3 1 0
github.com/illumio/terraform-provider-illumio-core/illumio-core/resource_illumio_firewall_settings.go:246.16,248.3 1 0
github.com/illumio/terraform-provider-illumio-core/illumio-core/resource_illumio_firewall_settings.go:254.121,264.2 4 0
github.com/illumio/terraform-provider-illumio-core/illumio-core/resource_illumio_firewall_settings.go:266.94,268.40 2 0
github.com/illumio/terraform-provider-illumio-core/illumio-core/resource_illumio_firewall_settings.go:276.2,276.12 1 0
github.com/illumio/terraform-provider-illumio-core/illumio-core/resource_illumio_firewall_settings.go:268.40,275.3 2 0
github.com/illumio/terraform-provider-illumio-core/illumio-core/resource_illumio_firewall_settings.go:279.89,281.31 2 0
github.com/illumio/terraform-provider-illumio-core/illumio-core/resource_illumio_firewall_settings.go:314.2,314.33 1 0
github.com/illumio/terraform-provider-illumio-core/illumio-core/resource_illumio_firewall_settings.go:281.31,284.19 2 0
github.com/illumio/terraform-provider-illumio-core/illumio-core/resource_illumio_firewall_settings.go:289.3,294.41 4 0
github.com/illumio/terraform-provider-illumio-core/illumio-core/resource_illumio_firewall_settings.go:297.3,297.41 1 0
github.com/illumio/terraform-provider-illumio-core/illumio-core/resource_illumio_firewall_settings.go:300.3,300.32 1 0
github.com/illumio/terraform-provider-illumio-core/illumio-core/resource_illumio_firewall_settings.go:306.3,306.42 1 0
github.com/illumio/terraform-provider-illumio-core/illumio-core/resource_illumio_firewall_settings.go:312.3,312.27 1 0
github.com/illumio/terraform-provider-illumio-core/illumio-core/resource_illumio_firewall_settings.go:284.19,286.12 2 0
github.com/illumio/terraform-provider-illumio-core/illumio-core/resource_illumio_firewall_settings.go:294.41,296.4 1 0
github.com/illumio/terraform-provider-illumio-core/illumio-core/resource_illumio_firewall_settings.go:297.41,299.4 1 0
github.com/illumio/terraform-provider-illumio-core/illumio-core/resource_illumio_firewall_settings.go:300.32,305.4 2 0
github.com/illumio/terraform-provider-illumio-core/illumio-core/resource_illumio_firewall_settings.go:306.42,311.4 2 0
github.com/illumio/terraform-provider-illumio-core/illumio-core/resource_illumio_label.go:19.46,94.2 1 1
github.com/illumio/terraform-provider-illumio-core/illumio-core/resource_illumio_label.go:96.110,109.16 6 1
github.com/illumio/terraform-provider-illumio-core/illumio-core/resource_illumio_label.go:112.2,114.44 2 1
github.com/illumio/terraform-provider-illumio-core/illumio-core/resource_illumio_label.go:109.16,111.3 1 0
github.com/illumio/terraform-provider-illumio-core/illumio-core/resource_illumio_label.go:117.108,125.16 6 1
github.com/illumio/terraform-provider-illumio-core/illumio-core/resource_illumio_label.go:129.2,140.4 1 1
github.com/illumio/terraform-provider-illumio-core/illumio-core/resource_illumio_label.go:149.2,149.20 1 1
github.com/illumio/terraform-provider-illumio-core/illumio-core/resource_illumio_label.go:125.16,127.3 1 0
github.com/illumio/terraform-provider-illumio-core/illumio-core/resource_illumio_label.go:140.4,142.23 1 1
github.com/illumio/terraform-provider-illumio-core/illumio-core/resource_illumio_label.go:142.23,144.4 1 1
github.com/illumio/terraform-provider-illumio-core/illumio-core/resource_illumio_label.go:144.9,146.4 1 1
github.com/illumio/terraform-provider-illumio-core/illumio-core/resource_illumio_label.go:152.110,163.16 5 1
github.com/illumio/terraform-provider-illumio-core/illumio-core/resource_illumio_label.go:167.2,167.44 1 1
github.com/illumio/terraform-provider-illumio-core/illumio-core/resource_illumio_label.go:163.16,165.3 1 0
github.com/illumio/terraform-provider-illumio-core/illumio-core/resource_illumio_label.go:170.110,176.16 5 1
github.com/illumio/terraform-provider-illumio-core/illumio-core/resource_illumio_label.go:179.2,180.20 2 1
github.com/illumio/terraform-provider-illumio-core/illumio-core/resource_illumio_label.go:176.16,178.3 1 0
github.com/illumio/terraform-provider-illumio-core/illumio-core/resource_illumio_virtual_service.go:21.55,223.2 1 1
github.com/illumio/terraform-provider-illumio-core/illumio-core/resource_illumio_virtual_service.go:225.61,226.38 1 1
github.com/illumio/terraform-provider-illumio-core/illumio-core/resource_illumio_virtual_service.go:229.2,229.38 1 1
github.com/illumio/terraform-provider-illumio-core/illumio-core/resource_illumio_virtual_service.go:232.2,232.65 1 1
github.com/illumio/terraform-provider-illumio-core/illumio-core/resource_illumio_virtual_service.go:235.2,235.12 1 1
github.com/illumio/terraform-provider-illumio-core/illumio-core/resource_illumio_virtual_service.go:226.38,228.3 1 0
github.com/illumio/terraform-provider-illumio-core/illumio-core/resource_illumio_virtual_service.go:229.38,231.3 1 0
github.com/illumio/terraform-provider-illumio-core/illumio-core/resource_illumio_virtual_service.go:232.65,234.3 1 0
github.com/illumio/terraform-provider-illumio-core/illumio-core/resource_illumio_virtual_service.go:238.119,251.41 6 1
github.com/illumio/terraform-provider-illumio-core/illumio-core/resource_illumio_virtual_service.go:255.2,255.37 1 1
github.com/illumio/terraform-provider-illumio-core/illumio-core/resource_illumio_virtual_service.go:277.2,277.47 1 1
github.com/illumio/terraform-provider-illumio-core/illumio-core/resource_illumio_virtual_service.go:305.2,305.36 1 1
github.com/illumio/terraform-provider-illumio-core/illumio-core/resource_illumio_virtual_service.go:308.2,308.42 1 1
github.com/illumio/terraform-provider-illumio-core/illumio-core/resource_illumio_virtual_service.go:316.2,316.22 1 1
github.com/illumio/terraform-provider-illumio-core/illumio-core/resource_illumio_virtual_service.go:319.2,320.16 2 1
github.com/illumio/terraform-provider-illumio-core/illumio-core/resource_illumio_virtual_service.go:325.2,327.53 3 1
github.com/illumio/terraform-provider-illumio-core/illumio-core/resource_illumio_virtual_service.go:251.41,253.3 1 1
github.com/illumio/terraform-provider-illumio-core/illumio-core/resource_illumio_virtual_service.go:255.37,259.3 1 0
github.com/illumio/terraform-provider-illumio-core/illumio-core/resource_illumio_virtual_service.go:259.8,259.50 1 1
github.com/illumio/terraform-provider-illumio-core/illumio-core/resource_illumio_virtual_service.go:259.50,262.35 3 1
github.com/illumio/terraform-provider-illumio-core/illumio-core/resource_illumio_virtual_service.go:274.3,274.24 1 1
github.com/illumio/terraform-provider-illumio-core/illumio-core/resource_illumio_virtual_service.go:262.35,266.42 4 1
github.com/illumio/terraform-provider-illumio-core/illumio-core/resource_illumio_virtual_service.go:269.4,269.45 1 1
github.com/illumio/terraform-provider-illumio-core/illumio-core/resource_illumio_virtual_service.go:272.4,272.26 1 1
github.com/illumio/terraform-provider-illumio-core/illumio-core/resource_illumio_virtual_service.go:266.42,268.5 1 0
github.com/illumio/terraform-provider-illumio-core/illumio-core/resource_illumio_virtual_service.go:269.45,271.5 1 0
github.com/illumio/terraform-provider-illumio-core/illumio-core/resource_illumio_virtual_service.go:277.47,280.33 3 1
github.com/illumio/terraform-provider-illumio-core/illumio-core/resource_illumio_virtual_service.go:303.3,303.28 1 1
github.com/illumio/terraform-provider-illumio-core/illumio-core/resource_illumio_virtual_service.go:280.33,283.56 3 1
github.com/illumio/terraform-provider-illumio-core/illumio-core/resource_illumio_virtual_service.go:287.4,287.27 1 1
github.com/illumio/terraform-provider-illumio-core/illumio-core/resource_illumio_virtual_service.go:298.4,298.45 1 1
github.com/illumio/terraform-provider-illumio-core/illumio-core/resource_illumio_virtual_service.go:301.4,301.26 1 1
github.com/illumio/terraform-provider-illumio-core/illumio-core/resource_illumio_virtual_service.go:283.56,285.13 2 0
github.com/illumio/terraform-provider-illumio-core/illumio-core/resource_illumio_virtual_service.go:287.27,289.35 2 1
github.com/illumio/terraform-provider-illumio-core/illumio-core/resource_illumio_virtual_service.go:289.35,291.6 1 0
github.com/illumio/terraform-provider-illumio-core/illumio-core/resource_illumio_virtual_service.go:292.10,294.64 2 0
github.com/illumio/terraform-provider-illumio-core/illumio-core/resource_illumio_virtual_service.go:294.64,296.6 1 0
github.com/illumio/terraform-provider-illumio-core/illumio-core/resource_illumio_virtual_service.go:298.45,300.5 1 0
github.com/illumio/terraform-provider-illumio-core/illumio-core/resource_illumio_virtual_service.go:305.36,307.3 1 0
github.com/illumio/terraform-provider-illumio-core/illumio-core/resource_illumio_virtual_service.go:308.42,310.44 2 1
github.com/illumio/terraform-provider-illumio-core/illumio-core/resource_illumio_virtual_service.go:313.3,313.23 1 1
github.com/illumio/terraform-provider-illumio-core/illumio-core/resource_illumio_virtual_service.go:310.44,312.4 1 1
github.com/illumio/terraform-provider-illumio-core/illumio-core/resource_illumio_virtual_service.go:316.22,318.3 1 0
github.com/illumio/terraform-provider-illumio-core/illumio-core/resource_illumio_virtual_service.go:320.16,322.3 1 0
github.com/illumio/terraform-provider-illumio-core/illumio-core/resource_illumio_virtual_service.go:330.117,337.16 5 1
github.com/illumio/terraform-provider-illumio-core/illumio-core/resource_illumio_virtual_service.go:340.2,357.29 2 1
github.com/illumio/terraform-provider-illumio-core/illumio-core/resource_illumio_virtual_service.go:364.2,365.22 2 1
github.com/illumio/terraform-provider-illumio-core/illumio-core/resource_illumio_virtual_service.go:373.2,374.22 2 1
github.com/illumio/terraform-provider-illumio-core/illumio-core/resource_illumio_virtual_service.go:401.2,402.22 2 1
github.com/illumio/terraform-provider-illumio-core/illumio-core/resource_illumio_virtual_service.go:424.2,424.27 1 1
github.com/illumio/terraform-provider-illumio-core/illumio-core/resource_illumio_virtual_service.go:337.16,339.3 1 0
github.com/illumio/terraform-provider-illumio-core/illumio-core/resource_illumio_virtual_service.go:357.29,358.23 1 1
github.com/illumio/terraform-provider-illumio-core/illumio-core/resource_illumio_virtual_service.go:358.23,360.4 1 1
github.com/illumio/terraform-provider-illumio-core/illumio-core/resource_illumio_virtual_service.go:360.9,362.4 1 1
github.com/illumio/terraform-provider-illumio-core/illumio-core/resource_illumio_virtual_service.go:365.22,369.3 3 0
github.com/illumio/terraform-provider-illumio-core/illumio-core/resource_illumio_virtual_service.go:369.8,371.3 1 1
github.com/illumio/terraform-provider-illumio-core/illumio-core/resource_illumio_virtual_service.go:374.22,376.48 2 1
github.com/illumio/terraform-provider-illumio-core/illumio-core/resource_illumio_virtual_service.go:396.3,396.16 1 1
github.com/illumio/terraform-provider-illumio-core/illumio-core/resource_illumio_virtual_service.go:376.48,379.45 2 1
github.com/illumio/terraform-provider-illumio-core/illumio-core/resource_illumio_virtual_service.go:382.4,382.52 1 1
github.com/illumio/terraform-provider-illumio-core/illumio-core/resource_illumio_virtual_service.go:385.4,385.45 1 1
github.com/illumio/terraform-provider-illumio-core/illumio-core/resource_illumio_virtual_service.go:388.4,388.43 1 1
github.com/illumio/terraform-provider-illumio-core/illumio-core/resource_illumio_virtual_service.go:391.4,391.58 1 1
github.com/illumio/terraform-provider-illumio-core/illumio-core/resource_illumio_virtual_service.go:394.4,394.22 1 1
github.com/illumio/terraform-provider-illumio-core/illumio-core/resource_illumio_virtual_service.go:379.45,381.5 1 1
github.com/illumio/terraform-provider-illumio-core/illumio-core/resource_illumio_virtual_service.go:382.52,384.5 1 0
github.com/illumio/terraform-provider-illumio-core/illumio-core/resource_illumio_virtual_service.go:385.45,387.5 1 0
github.com/illumio/terraform-provider-illumio-core/illumio-core/resource_illumio_virtual_service.go:388.43,390.5 1 0
github.com/illumio/terraform-provider-illumio-core/illumio-core/resource_illumio_virtual_service.go:391.58,393.5 1 0
github.com/illumio/terraform-provider-illumio-core/illumio-core/resource_illumio_virtual_service.go:397.8,399.3 1 0
github.com/illumio/terraform-provider-illumio-core/illumio-core/resource_illumio_virtual_service.go:402.22,405.50 2 1
github.com/illumio/terraform-provider-illumio-core/illumio-core/resource_illumio_virtual_service.go:419.3,419.18 1 1
github.com/illumio/terraform-provider-illumio-core/illumio-core/resource_illumio_virtual_service.go:405.50,408.44 2 1
github.com/illumio/terraform-provider-illumio-core/illumio-core/resource_illumio_virtual_service.go:408.44,409.21 1 1
github.com/illumio/terraform-provider-illumio-core/illumio-core/resource_illumio_virtual_service.go:415.5,415.26 1 1
github.com/illumio/terraform-provider-illumio-core/illumio-core/resource_illumio_virtual_service.go:409.21,411.6 1 1
github.com/illumio/terraform-provider-illumio-core/illumio-core/resource_illumio_virtual_service.go:411.11,411.45 1 0
github.com/illumio/terraform-provider-illumio-core/illumio-core/resource_illumio_virtual_service.go:411.45,413.6 1 0
github.com/illumio/terraform-provider-illumio-core/illumio-core/resource_illumio_virtual_service.go:420.8,422.3 1 0
github.com/illumio/terraform-provider-illumio-core/illumio-core/resource_illumio_virtual_service.go:427.119,440.21 6 1
github.com/illumio/terraform-provider-illumio-core/illumio-core/resource_illumio_virtual_service.go:444.2,444.37 1 1
github.com/illumio/terraform-provider-illumio-core/illumio-core/resource_illumio_virtual_service.go:466.2,466.47 1 1
github.com/illumio/terraform-provider-illumio-core/illumio-core/resource_illumio_virtual_service.go:495.2,495.36 1 1
github.com/illumio/terraform-provider-illumio-core/illumio-core/resource_illumio_virtual_service.go:498.2,498.42 1 1
github.com/illumio/terraform-provider-illumio-core/illumio-core/resource_illumio_virtual_service.go:505.2,505.22 1 1
github.com/illumio/terraform-provider-illumio-core/illumio-core/resource_illumio_virtual_service.go:508.2,509.16 2 1
github.com/illumio/terraform-provider-illumio-core/illumio-core/resource_illumio_virtual_service.go:512.2,514.53 3 1
github.com/illumio/terraform-provider-illumio-core/illumio-core/resource_illumio_virtual_service.go:440.21,442.3 1 1
github.com/illumio/terraform-provider-illumio-core/illumio-core/resource_illumio_virtual_service.go:444.37,448.3 1 0
github.com/illumio/terraform-provider-illumio-core/illumio-core/resource_illumio_virtual_service.go:448.8,448.50 1 1
github.com/illumio/terraform-provider-illumio-core/illumio-core/resource_illumio_virtual_service.go:448.50,451.35 3 1
github.com/illumio/terraform-provider-illumio-core/illumio-core/resource_illumio_virtual_service.go:463.3,463.24 1 1
github.com/illumio/terraform-provider-illumio-core/illumio-core/resource_illumio_virtual_service.go:451.35,455.42 4 1
github.com/illumio/terraform-provider-illumio-core/illumio-core/resource_illumio_virtual_service.go:458.4,458.45 1 1
github.com/illumio/terraform-provider-illumio-core/illumio-core/resource_illumio_virtual_service.go:461.4,461.26 1 1
github.com/illumio/terraform-provider-illumio-core/illumio-core/resource_illumio_virtual_service.go:455.42,457.5 1 0
github.com/illumio/terraform-provider-illumio-core/illumio-core/resource_illumio_virtual_service.go:458.45,460.5 1 0
github.com/illumio/terraform-provider-illumio-core/illumio-core/resource_illumio_virtual_service.go:466.47,469.33 3 1
github.com/illumio/terraform-provider-illumio-core/illumio-core/resource_illumio_virtual_service.go:492.3,492.28 1 1
github.com/illumio/terraform-provider-illumio-core/illumio-core/resource_illumio_virtual_service.go:469.33,472.56 3 1
github.com/illumio/terraform-provider-illumio-core/illumio-core/resource_illumio_virtual_service.go:476.4,476.27 1 1
github.com/illumio/terraform-provider-illumio-core/illumio-core/resource_illumio_virtual_service.go:487.4,487.45 1 1
github.com/illumio/terraform-provider-illumio-core/illumio-core/resource_illumio_virtual_service.go:490.4,490.26 1 1
github.com/illumio/terraform-provider-illumio-core/illumio-core/resource_illumio_virtual_service.go:472.56,474.13 2 0
github.com/illumio/terraform-provider-illumio-core/illumio-core/resource_illumio_virtual_service.go:476.27,478.35 2 1
github.com/illumio/terraform-provider-illumio-core/illumio-core/resource_illumio_virtual_service.go:478.35,480.6 1 0
github.com/illumio/terraform-provider-illumio-core/illumio-core/resource_illumio_virtual_service.go:481.10,483.64 2 0
github.com/illumio/terraform-provider-illumio-core/illumio-core/resource_illumio_virtual_service.go:483.64,485.6 1 0
github.com/illumio/terraform-provider-illumio-core/illumio-core/resource_illumio_virtual_service.go:487.45,489.5 1 0
github.com/illumio/terraform-provider-illumio-core/illumio-core/resource_illumio_virtual_service.go:495.36,497.3 1 0
github.com/illumio/terraform-provider-illumio-core/illumio-core/resource_illumio_virtual_service.go:498.42,500.44 2 1
github.com/illumio/terraform-provider-illumio-core/illumio-core/resource_illumio_virtual_service.go:503.3,503.23 1 1
github.com/illumio/terraform-provider-illumio-core/illumio-core/resource_illumio_virtual_service.go:500.44,502.4 1 1
github.com/illumio/terraform-provider-illumio-core/illumio-core/resource_illumio_virtual_service.go:505.22,507.3 1 0
github.com/illumio/terraform-provider-illumio-core/illumio-core/resource_illumio_virtual_service.go:509.16,511.3 1 0
github.com/illumio/terraform-provider-illumio-core/illumio-core/resource_illumio_virtual_service.go:517.119,524.16 6 1
github.com/illumio/terraform-provider-illumio-core/illumio-core/resource_illumio_virtual_service.go:527.2,529.20 3 1
github.com/illumio/terraform-provider-illumio-core/illumio-core/resource_illumio_virtual_service.go:524.16,526.3 1 0
github.com/illumio/terraform-provider-illumio-core/illumio-core/resource_illumio_workloads_unpair.go:16.56,31.34 1 1
github.com/illumio/terraform-provider-illumio-core/illumio-core/resource_illumio_workloads_unpair.go:31.34,34.6 2 1
github.com/illumio/terraform-provider-illumio-core/illumio-core/resource_illumio_workloads_unpair.go:49.120,64.2 8 1
github.com/illumio/terraform-provider-illumio-core/illumio-core/resource_illumio_workloads_unpair.go:66.127,69.60 2 1
github.com/illumio/terraform-provider-illumio-core/illumio-core/resource_illumio_workloads_unpair.go:73.2,76.3 1 1
github.com/illumio/terraform-provider-illumio-core/illumio-core/resource_illumio_workloads_unpair.go:69.60,71.3 1 1
github.com/illumio/terraform-provider-illumio-core/illumio-core/resource_illumio_workloads_unpair.go:79.118,81.2 1 1
github.com/illumio/terraform-provider-illumio-core/illumio-core/resource_illumio_workloads_unpair.go:83.120,94.2 6 0
github.com/illumio/terraform-provider-illumio-core/illumio-core/resource_illumio_workloads_unpair.go:96.120,101.2 3 1
github.com/illumio/terraform-provider-illumio-core/illumio-core/data_source_illumio_enforcement_boundaries.go:15.64,221.2 1 1
github.com/illumio/terraform-provider-illumio-core/illumio-core/data_source_illumio_enforcement_boundaries.go:223.126,238.54 7 1
github.com/illumio/terraform-provider-illumio-core/illumio-core/data_source_illumio_enforcement_boundaries.go:241.2,241.55 1 1
github.com/illumio/terraform-provider-illumio-core/illumio-core/data_source_illumio_enforcement_boundaries.go:245.2,246.16 2 1
github.com/illumio/terraform-provider-illumio-core/illumio-core/data_source_illumio_enforcement_boundaries.go:250.2,264.40 4 1
github.com/illumio/terraform-provider-illumio-core/illumio-core/data_source_illumio_enforcement_boundaries.go:294.2,296.20 2 1
github.com/illumio/terraform-provider-illumio-core/illumio-core/data_source_illumio_enforcement_boundaries.go:238.54,240.3 1 0
github.com/illumio/terraform-provider-illumio-core/illumio-core/data_source_illumio_enforcement_boundaries.go:241.55,243.3 1 0
github.com/illumio/terraform-provider-illumio-core/illumio-core/data_source_illumio_enforcement_boundaries.go:246.16,248.3 1 0
github.com/illumio/terraform-provider-illumio-core/illumio-core/data_source_illumio_enforcement_boundaries.go:264.40,267.39 2 1
github.com/illumio/terraform-provider-illumio-core/illumio-core/data_source_illumio_enforcement_boundaries.go:289.3,292.31 3 1
github.com/illumio/terraform-provider-illumio-core/illumio-core/data_source_illumio_enforcement_boundaries.go:267.39,271.37 3 1
github.com/illumio/terraform-provider-illumio-core/illumio-core/data_source_illumio_enforcement_boundaries.go:285.4,285.30 1 1
github.com/illumio/terraform-provider-illumio-core/illumio-core/data_source_illumio_enforcement_boundaries.go:271.37,274.56 2 1
github.com/illumio/terraform-provider-illumio-core/illumio-core/data_source_illumio_enforcement_boundaries.go:274.56,275.21 1 1
github.com/illumio/terraform-provider-illumio-core/illumio-core/data_source_illumio_enforcement_boundaries.go:281.6,281.27 1 1
github.com/illumio/terraform-provider-illumio-core/illumio-core/data_source_illumio_enforcement_boundaries.go:275.21,277.7 1 1
github.com/illumio/terraform-provider-illumio-core/illumio-core/data_source_illumio_enforcement_boundaries.go:277.12,279.7 1 0
github.com/illumio/terraform-provider-illumio-core/illumio-core/data_source_illumio_enforcement_boundaries.go:286.9,288.4 1 0
github.com/illumio/terraform-provider-illumio-core/illumio-core/data_source_illumio_ip_list.go:48.49,170.2 1 1
github.com/illumio/terraform-provider-illumio-core/illumio-core/data_source_illumio_ip_list.go:172.111,181.16 6 1
github.com/illumio/terraform-provider-illumio-core/illumio-core/data_source_illumio_ip_list.go:185.2,198.4 2 1
github.com/illumio/terraform-provider-illumio-core/illumio-core/data_source_illumio_ip_list.go:206.2,206.30 1 1
github.com/illumio/terraform-provider-illumio-core/illumio-core/data_source_illumio_ip_list.go:218.2,218.26 1 1
github.com/illumio/terraform-provider-illumio-core/illumio-core/data_source_illumio_ip_list.go:231.2,231.20 1 1
github.com/illumio/terraform-provider-illumio-core/illumio-core/data_source_illumio_ip_list.go:181.16,183.3 1 0
github.com/illumio/terraform-provider-illumio-core/illumio-core/data_source_illumio_ip_list.go:198.4,199.23 1 1
github.com/illumio/terraform-provider-illumio-core/illumio-core/data_source_illumio_ip_list.go:199.23,201.4 1 1
github.com/illumio/terraform-provider-illumio-core/illumio-core/data_source_illumio_ip_list.go:201.9,203.4 1 1
github.com/illumio/terraform-provider-illumio-core/illumio-core/data_source_illumio_ip_list.go:206.30,210.43 3 1
github.com/illumio/terraform-provider-illumio-core/illumio-core/data_source_illumio_ip_list.go:213.3,213.32 1 1
github.com/illumio/terraform-provider-illumio-core/illumio-core/data_source_illumio_ip_list.go:210.43,212.4 1 1
github.com/illumio/terraform-provider-illumio-core/illumio-core/data_source_illumio_ip_list.go:214.8,216.3 1 0
github.com/illumio/terraform-provider-illumio-core/illumio-core/data_source_illumio_ip_list.go:218.26,222.39 3 1
github.com/illumio/terraform-provider-illumio-core/illumio-core/data_source_illumio_ip_list.go:226.3,226.24 1 1
github.com/illumio/terraform-provider-illumio-core/illumio-core/data_source_illumio_ip_list.go:222.39,224.4 1 1
github.com/illumio/terraform-provider-illumio-core/illumio-core/data_source_illumio_ip_list.go:227.8,229.3 1 0
github.com/illumio/terraform-provider-illumio-core/illumio-core/data_source_illumio_traffic_collector_settings.go:25.67,75.2 1 1
github.com/illumio/terraform-provider-illumio-core/illumio-core/data_source_illumio_traffic_collector_settings.go:77.129,85.16 6 1
github.com/illumio/terraform-provider-illumio-core/illumio-core/data_source_illumio_traffic_collector_settings.go:88.2,92.14 3 1
github.com/illumio/terraform-provider-illumio-core/illumio-core/data_source_illumio_traffic_collector_settings.go:85.16,87.3 1 0
github.com/illumio/terraform-provider-illumio-core/illumio-core/resource_illumio_organization_settings.go:15.61,56.2 1 1
github.com/illumio/terraform-provider-illumio-core/illumio-core/resource_illumio_organization_settings.go:58.125,68.2 3 0
github.com/illumio/terraform-provider-illumio-core/illumio-core/resource_illumio_organization_settings.go:70.123,78.16 6 0
github.com/illumio/terraform-provider-illumio-core/illumio-core/resource_illumio_organization_settings.go:82.2,88.4 2 0
github.com/illumio/terraform-provider-illumio-core/illumio-core/resource_illumio_organization_settings.go:96.2,96.14 1 0
github.com/illumio/terraform-provider-illumio-core/illumio-core/resource_illumio_organization_settings.go:78.16,80.3 1 0
github.com/illumio/terraform-provider-illumio-core/illumio-core/resource_illumio_organization_settings.go:88.4,89.23 1 0
github.com/illumio/terraform-provider-illumio-core/illumio-core/resource_illumio_organization_settings.go:89.23,91.4 1 0
github.com/illumio/terraform-provider-illumio-core/illumio-core/resource_illumio_organization_settings.go:91.9,93.4 1 0
github.com/illumio/terraform-provider-illumio-core/illumio-core/resource_illumio_organization_settings.go:99.125,112.16 8 0
github.com/illumio/terraform-provider-illumio-core/illumio-core/resource_illumio_organization_settings.go:116.2,116.59 1 0
github.com/illumio/terraform-provider-illumio-core/illumio-core/resource_illumio_organization_settings.go:112.16,114.3 1 0
github.com/illumio/terraform-provider-illumio-core/illumio-core/resource_illumio_organization_settings.go:119.125,129.2 4 0
github.com/illumio/terraform-provider-illumio-core/illumio-core/resource_illumio_vens_upgrade.go:15.52,30.34 1 1
github.com/illumio/terraform-provider-illumio-core/illumio-core/resource_illumio_vens_upgrade.go:30.34,33.6 2 1
github.com/illumio/terraform-provider-illumio-core/illumio-core/resource_illumio_vens_upgrade.go:46.116,56.16 7 1
github.com/illumio/terraform-provider-illumio-core/illumio-core/resource_illumio_vens_upgrade.go:60.2,63.80 2 1
github.com/illumio/terraform-provider-illumio-core/illumio-core/resource_illumio_vens_upgrade.go:56.16,58.3 1 0
github.com/illumio/terraform-provider-illumio-core/illumio-core/resource_illumio_vens_upgrade.go:67.119,70.55 2 1
github.com/illumio/terraform-provider-illumio-core/illumio-core/resource_illumio_vens_upgrade.go:74.2,77.3 1 1
github.com/illumio/terraform-provider-illumio-core/illumio-core/resource_illumio_vens_upgrade.go:70.55,72.3 1 1
github.com/illumio/terraform-provider-illumio-core/illumio-core/resource_illumio_vens_upgrade.go:80.114,82.2 1 1
github.com/illumio/terraform-provider-illumio-core/illumio-core/resource_illumio_vens_upgrade.go:84.116,96.2 6 0
github.com/illumio/terraform-provider-illumio-core/illumio-core/resource_illumio_vens_upgrade.go:98.116,103.2 3 1
github.com/illumio/terraform-provider-illumio-core/illumio-core/resource_illumio_vulnerability_report.go:20.60,159.2 1 1
github.com/illumio/terraform-provider-illumio-core/illumio-core/resource_illumio_vulnerability_report.go:161.124,173.16 8 1
github.com/illumio/terraform-provider-illumio-core/illumio-core/resource_illumio_vulnerability_report.go:177.2,179.58 2 1
github.com/illumio/terraform-provider-illumio-core/illumio-core/resource_illumio_vulnerability_report.go:173.16,175.3 1 0
github.com/illumio/terraform-provider-illumio-core/illumio-core/resource_illumio_vulnerability_report.go:182.122,189.16 6 1
github.com/illumio/terraform-provider-illumio-core/illumio-core/resource_illumio_vulnerability_report.go:193.2,197.14 3 1
github.com/illumio/terraform-provider-illumio-core/illumio-core/resource_illumio_vulnerability_report.go:189.16,191.3 1 0
github.com/illumio/terraform-provider-illumio-core/illumio-core/resource_illumio_vulnerability_report.go:200.77,216.31 2 1
github.com/illumio/terraform-provider-illumio-core/illumio-core/resource_illumio_vulnerability_report.go:216.31,217.21 1 1
github.com/illumio/terraform-provider-illumio-core/illumio-core/resource_illumio_vulnerability_report.go:217.21,219.4 1 1
github.com/illumio/terraform-provider-illumio-core/illumio-core/resource_illumio_vulnerability_report.go:219.9,221.4 1 1
github.com/illumio/terraform-provider-illumio-core/illumio-core/resource_illumio_vulnerability_report.go:225.81,234.2 1 1
github.com/illumio/terraform-provider-illumio-core/illumio-core/resource_illumio_vulnerability_report.go:236.105,239.43 3 1
github.com/illumio/terraform-provider-illumio-core/illumio-core/resource_illumio_vulnerability_report.go:253.2,253.12 1 1
github.com/illumio/terraform-provider-illumio-core/illumio-core/resource_illumio_vulnerability_report.go:239.43,251.3 2 1
github.com/illumio/terraform-provider-illumio-core/illumio-core/resource_illumio_vulnerability_report.go:256.124,260.56 3 1
github.com/illumio/terraform-provider-illumio-core/illumio-core/resource_illumio_vulnerability_report.go:270.2,273.16 3 1
github.com/illumio/terraform-provider-illumio-core/illumio-core/resource_illumio_vulnerability_report.go:277.2,277.58 1 1
github.com/illumio/terraform-provider-illumio-core/illumio-core/resource_illumio_vulnerability_report.go:260.56,268.3 1 0
github.com/illumio/terraform-provider-illumio-core/illumio-core/resource_illumio_vulnerability_report.go:273.16,275.3 1 0
github.com/illumio/terraform-provider-illumio-core/illumio-core/resource_illumio_vulnerability_report.go:280.124,286.16 5 1
github.com/illumio/terraform-provider-illumio-core/illumio-core/resource_illumio_vulnerability_report.go:289.2,291.14 2 1
github.com/illumio/terraform-provider-illumio-core/illumio-core/resource_illumio_vulnerability_report.go:286.16,288.3 1 0
github.com/illumio/terraform-provider-illumio-core/illumio-core/data_source_illumio_vulnerability_report.go:12.62,87.2 1 1
github.com/illumio/terraform-provider-illumio-core/illumio-core/data_source_illumio_vulnerability_report.go:89.124,98.16 6 1
github.com/illumio/terraform-provider-illumio-core/illumio-core/data_source_illumio_vulnerability_report.go:102.2,106.14 3 1
github.com/illumio/terraform-provider-illumio-core/illumio-core/data_source_illumio_vulnerability_report.go:98.16,100.3 1 0
github.com/illumio/terraform-provider-illumio-core/illumio-core/data_source_illumio_workload.go:175.51,704.2 1 1
github.com/illumio/terraform-provider-illumio-core/illumio-core/data_source_illumio_workload.go:706.113,715.16 6 1
github.com/illumio/terraform-provider-illumio-core/illumio-core/data_source_illumio_workload.go:719.2,752.4 2 1
github.com/illumio/terraform-provider-illumio-core/illumio-core/data_source_illumio_workload.go:760.2,761.22 2 1
github.com/illumio/terraform-provider-illumio-core/illumio-core/data_source_illumio_workload.go:777.2,778.22 2 1
github.com/illumio/terraform-provider-illumio-core/illumio-core/data_source_illumio_workload.go:809.2,810.22 2 1
github.com/illumio/terraform-provider-illumio-core/illumio-core/data_source_illumio_workload.go:840.2,841.22 2 1
github.com/illumio/terraform-provider-illumio-core/illumio-core/data_source_illumio_workload.go:884.2,884.41 1 1
github.com/illumio/terraform-provider-illumio-core/illumio-core/data_source_illumio_workload.go:890.2,890.50 1 1
github.com/illumio/terraform-provider-illumio-core/illumio-core/data_source_illumio_workload.go:899.2,899.38 1 1
github.com/illumio/terraform-provider-illumio-core/illumio-core/data_source_illumio_workload.go:906.2,906.20 1 1
github.com/illumio/terraform-provider-illumio-core/illumio-core/data_source_illumio_workload.go:715.16,717.3 1 0
github.com/illumio/terraform-provider-illumio-core/illumio-core/data_source_illumio_workload.go:752.4,753.23 1 1
github.com/illumio/terraform-provider-illumio-core/illumio-core/data_source_illumio_workload.go:753.23,755.4 1 1
github.com/illumio/terraform-provider-illumio-core/illumio-core/data_source_illumio_workload.go:755.9,757.4 1 1
github.com/illumio/terraform-provider-illumio-core/illumio-core/data_source_illumio_workload.go:761.22,773.3 1 1
github.com/illumio/terraform-provider-illumio-core/illumio-core/data_source_illumio_workload.go:773.8,775.3 1 0
github.com/illumio/terraform-provider-illumio-core/illumio-core/data_source_illumio_workload.go:778.22,782.47 3 1
github.com/illumio/terraform-provider-illumio-core/illumio-core/data_source_illumio_workload.go:804.3,804.18 1 1
github.com/illumio/terraform-provider-illumio-core/illumio-core/data_source_illumio_workload.go:782.47,788.44 2 0
github.com/illumio/terraform-provider-illumio-core/illumio-core/data_source_illumio_workload.go:802.4,802.25 1 0
github.com/illumio/terraform-provider-illumio-core/illumio-core/data_source_illumio_workload.go:788.44,798.5 1 0
github.com/illumio/terraform-provider-illumio-core/illumio-core/data_source_illumio_workload.go:798.10,800.5 1 0
github.com/illumio/terraform-provider-illumio-core/illumio-core/data_source_illumio_workload.go:805.8,807.3 1 0
github.com/illumio/terraform-provider-illumio-core/illumio-core/data_source_illumio_workload.go:810.22,814.37 3 0
github.com/illumio/terraform-provider-illumio-core/illumio-core/data_source_illumio_workload.go:814.37,823.50 2 0
github.com/illumio/terraform-provider-illumio-core/illumio-core/data_source_illumio_workload.go:832.4,834.19 2 0
github.com/illumio/terraform-provider-illumio-core/illumio-core/data_source_illumio_workload.go:823.50,828.5 1 0
github.com/illumio/terraform-provider-illumio-core/illumio-core/data_source_illumio_workload.go:828.10,830.5 1 0
github.com/illumio/terraform-provider-illumio-core/illumio-core/data_source_illumio_workload.go:836.8,838.3 1 1
github.com/illumio/terraform-provider-illumio-core/illumio-core/data_source_illumio_workload.go:841.22,845.37 3 0
github.com/illumio/terraform-provider-illumio-core/illumio-core/data_source_illumio_workload.go:845.37,857.39 2 0
github.com/illumio/terraform-provider-illumio-core/illumio-core/data_source_illumio_workload.go:866.4,866.34 1 0
github.com/illumio/terraform-provider-illumio-core/illumio-core/data_source_illumio_workload.go:876.4,878.19 2 0
github.com/illumio/terraform-provider-illumio-core/illumio-core/data_source_illumio_workload.go:857.39,862.5 1 0
github.com/illumio/terraform-provider-illumio-core/illumio-core/data_source_illumio_workload.go:862.10,864.5 1 0
github.com/illumio/terraform-provider-illumio-core/illumio-core/data_source_illumio_workload.go:866.34,872.5 1 0
github.com/illumio/terraform-provider-illumio-core/illumio-core/data_source_illumio_workload.go:872.10,874.5 1 0
github.com/illumio/terraform-provider-illumio-core/illumio-core/data_source_illumio_workload.go:880.8,882.3 1 1
github.com/illumio/terraform-provider-illumio-core/illumio-core/data_source_illumio_workload.go:884.41,888.3 1 0
github.com/illumio/terraform-provider-illumio-core/illumio-core/data_source_illumio_workload.go:890.50,897.3 1 0
github.com/illumio/terraform-provider-illumio-core/illumio-core/data_source_illumio_workload.go:899.38,904.3 1 1
github.com/illumio/terraform-provider-illumio-core/illumio-core/data_source_illumio_pairing_profiles.go:57.58,279.2 1 1
github.com/illumio/terraform-provider-illumio-core/illumio-core/data_source_illumio_pairing_profiles.go:281.120,302.16 9 1
github.com/illumio/terraform-provider-illumio-core/illumio-core/data_source_illumio_pairing_profiles.go:305.2,341.40 4 1
github.com/illumio/terraform-provider-illumio-core/illumio-core/data_source_illumio_pairing_profiles.go:354.2,356.20 2 1
github.com/illumio/terraform-provider-illumio-core/illumio-core/data_source_illumio_pairing_profiles.go:302.16,304.3 1 0
github.com/illumio/terraform-provider-illumio-core/illumio-core/data_source_illumio_pairing_profiles.go:341.40,345.24 3 1
github.com/illumio/terraform-provider-illumio-core/illumio-core/data_source_illumio_pairing_profiles.go:351.3,351.24 1 1
github.com/illumio/terraform-provider-illumio-core/illumio-core/data_source_illumio_pairing_profiles.go:345.24,347.4 1 1
github.com/illumio/terraform-provider-illumio-core/illumio-core/data_source_illumio_pairing_profiles.go:347.9,349.4 1 0
github.com/illumio/terraform-provider-illumio-core/illumio-core/data_source_illumio_rule_sets.go:156.51,451.2 1 1
github.com/illumio/terraform-provider-illumio-core/illumio-core/data_source_illumio_rule_sets.go:453.113,474.16 9 1
github.com/illumio/terraform-provider-illumio-core/illumio-core/data_source_illumio_rule_sets.go:477.2,497.42 4 1
github.com/illumio/terraform-provider-illumio-core/illumio-core/data_source_illumio_rule_sets.go:617.2,619.20 2 1
github.com/illumio/terraform-provider-illumio-core/illumio-core/data_source_illumio_rule_sets.go:474.16,476.3 1 0
github.com/illumio/terraform-provider-illumio-core/illumio-core/data_source_illumio_rule_sets.go:497.42,501.26 3 1
github.com/illumio/terraform-provider-illumio-core/illumio-core/data_source_illumio_rule_sets.go:559.3,560.26 2 1
github.com/illumio/terraform-provider-illumio-core/illumio-core/data_source_illumio_rule_sets.go:570.3,571.26 2 1
github.com/illumio/terraform-provider-illumio-core/illumio-core/data_source_illumio_rule_sets.go:614.3,614.24 1 1
github.com/illumio/terraform-provider-illumio-core/illumio-core/data_source_illumio_rule_sets.go:501.26,523.51 3 1
github.com/illumio/terraform-provider-illumio-core/illumio-core/data_source_illumio_rule_sets.go:556.4,556.17 1 1
github.com/illumio/terraform-provider-illumio-core/illumio-core/data_source_illumio_rule_sets.go:523.51,527.28 3 1
github.com/illumio/terraform-provider-illumio-core/illumio-core/data_source_illumio_rule_sets.go:531.5,532.27 2 1
github.com/illumio/terraform-provider-illumio-core/illumio-core/data_source_illumio_rule_sets.go:543.5,544.34 2 1
github.com/illumio/terraform-provider-illumio-core/illumio-core/data_source_illumio_rule_sets.go:548.5,549.33 2 1
github.com/illumio/terraform-provider-illumio-core/illumio-core/data_source_illumio_rule_sets.go:553.5,553.26 1 1
github.com/illumio/terraform-provider-illumio-core/illumio-core/data_source_illumio_rule_sets.go:527.28,529.6 1 1
github.com/illumio/terraform-provider-illumio-core/illumio-core/data_source_illumio_rule_sets.go:532.27,541.6 2 1
github.com/illumio/terraform-provider-illumio-core/illumio-core/data_source_illumio_rule_sets.go:544.34,546.6 1 1
github.com/illumio/terraform-provider-illumio-core/illumio-core/data_source_illumio_rule_sets.go:549.33,551.6 1 1
github.com/illumio/terraform-provider-illumio-core/illumio-core/data_source_illumio_rule_sets.go:560.26,563.52 3 1
github.com/illumio/terraform-provider-illumio-core/illumio-core/data_source_illumio_rule_sets.go:567.4,567.18 1 1
github.com/illumio/terraform-provider-illumio-core/illumio-core/data_source_illumio_rule_sets.go:563.52,565.5 1 1
github.com/illumio/terraform-provider-illumio-core/illumio-core/data_source_illumio_rule_sets.go:571.26,596.54 6 0
github.com/illumio/terraform-provider-illumio-core/illumio-core/data_source_illumio_rule_sets.go:611.4,611.19 1 0
github.com/illumio/terraform-provider-illumio-core/illumio-core/data_source_illumio_rule_sets.go:596.54,600.32 2 0
github.com/illumio/terraform-provider-illumio-core/illumio-core/data_source_illumio_rule_sets.go:604.5,604.34 1 0
github.com/illumio/terraform-provider-illumio-core/illumio-core/data_source_illumio_rule_sets.go:608.5,608.32 1 0
github.com/illumio/terraform-provider-illumio-core/illumio-core/data_source_illumio_rule_sets.go:600.32,602.6 1 0
github.com/illumio/terraform-provider-illumio-core/illumio-core/data_source_illumio_rule_sets.go:604.34,606.6 1 0
github.com/illumio/terraform-provider-illumio-core/illumio-core/data_source_illumio_syslog_destinations.go:13.61,155.2 1 1
github.com/illumio/terraform-provider-illumio-core/illumio-core/data_source_illumio_syslog_destinations.go:157.123,166.16 6 1
github.com/illumio/terraform-provider-illumio-core/illumio-core/data_source_illumio_syslog_destinations.go:170.2,174.40 3 1
github.com/illumio/terraform-provider-illumio-core/illumio-core/data_source_illumio_syslog_destinations.go:242.2,244.20 2 1
github.com/illumio/terraform-provider-illumio-core/illumio-core/data_source_illumio_syslog_destinations.go:166.16,168.3 1 0
github.com/illumio/terraform-provider-illumio-core/illumio-core/data_source_illumio_syslog_destinations.go:174.40,182.5 2 1
github.com/illumio/terraform-provider-illumio-core/illumio-core/data_source_illumio_syslog_destinations.go:190.3,196.24 3 1
github.com/illumio/terraform-provider-illumio-core/illumio-core/data_source_illumio_syslog_destinations.go:202.3,208.24 3 1
github.com/illumio/terraform-provider-illumio-core/illumio-core/data_source_illumio_syslog_destinations.go:214.3,218.24 3 1
github.com/illumio/terraform-provider-illumio-core/illumio-core/data_source_illumio_syslog_destinations.go:224.3,233.24 3 1
github.com/illumio/terraform-provider-illumio-core/illumio-core/data_source_illumio_syslog_destinations.go:239.3,239.31 1 1
github.com/illumio/terraform-provider-illumio-core/illumio-core/data_source_illumio_syslog_destinations.go:182.5,183.25 1 1
github.com/illumio/terraform-provider-illumio-core/illumio-core/data_source_illumio_syslog_destinations.go:183.25,185.5 1 1
github.com/illumio/terraform-provider-illumio-core/illumio-core/data_source_illumio_syslog_destinations.go:185.10,187.5 1 0
github.com/illumio/terraform-provider-illumio-core/illumio-core/data_source_illumio_syslog_destinations.go:196.24,198.4 1 1
github.com/illumio/terraform-provider-illumio-core/illumio-core/data_source_illumio_syslog_destinations.go:198.9,200.4 1 0
github.com/illumio/terraform-provider-illumio-core/illumio-core/data_source_illumio_syslog_destinations.go:208.24,210.4 1 1
github.com/illumio/terraform-provider-illumio-core/illumio-core/data_source_illumio_syslog_destinations.go:210.9,212.4 1 0
github.com/illumio/terraform-provider-illumio-core/illumio-core/data_source_illumio_syslog_destinations.go:218.24,220.4 1 1
github.com/illumio/terraform-provider-illumio-core/illumio-core/data_source_illumio_syslog_destinations.go:220.9,222.4 1 0
github.com/illumio/terraform-provider-illumio-core/illumio-core/data_source_illumio_syslog_destinations.go:233.24,235.4 1 1
github.com/illumio/terraform-provider-illumio-core/illumio-core/data_source_illumio_syslog_destinations.go:235.9,237.4 1 1
github.com/illumio/terraform-provider-illumio-core/illumio-core/data_source_illumio_traffic_collector_settings_list.go:28.71,86.2 1 1
github.com/illumio/terraform-provider-illumio-core/illumio-core/data_source_illumio_traffic_collector_settings_list.go:88.133,97.16 6 1
github.com/illumio/terraform-provider-illumio-core/illumio-core/data_source_illumio_traffic_collector_settings_list.go:100.2,109.44 4 1
github.com/illumio/terraform-provider-illumio-core/illumio-core/data_source_illumio_traffic_collector_settings_list.go:141.2,143.14 2 1
github.com/illumio/terraform-provider-illumio-core/illumio-core/data_source_illumio_traffic_collector_settings_list.go:97.16,99.3 1 0
github.com/illumio/terraform-provider-illumio-core/illumio-core/data_source_illumio_traffic_collector_settings_list.go:109.44,113.28 3 1
github.com/illumio/terraform-provider-illumio-core/illumio-core/data_source_illumio_traffic_collector_settings_list.go:124.3,125.28 2 1
github.com/illumio/terraform-provider-illumio-core/illumio-core/data_source_illumio_traffic_collector_settings_list.go:138.3,138.27 1 1
github.com/illumio/terraform-provider-illumio-core/illumio-core/data_source_illumio_traffic_collector_settings_list.go:113.28,114.44 1 1
github.com/illumio/terraform-provider-illumio-core/illumio-core/data_source_illumio_traffic_collector_settings_list.go:115.13,116.27 1 1
github.com/illumio/terraform-provider-illumio-core/illumio-core/data_source_illumio_traffic_collector_settings_list.go:117.13,118.27 1 1
github.com/illumio/terraform-provider-illumio-core/illumio-core/data_source_illumio_traffic_collector_settings_list.go:120.9,122.4 1 0
github.com/illumio/terraform-provider-illumio-core/illumio-core/data_source_illumio_traffic_collector_settings_list.go:125.28,134.4 2 1
github.com/illumio/terraform-provider-illumio-core/illumio-core/data_source_illumio_traffic_collector_settings_list.go:134.9,136.4 1 0
github.com/illumio/terraform-provider-illumio-core/illumio-core/data_source_illumio_ven.go:121.46,575.2 1 1
github.com/illumio/terraform-provider-illumio-core/illumio-core/data_source_illumio_ven.go:577.108,585.16 6 1
github.com/illumio/terraform-provider-illumio-core/illumio-core/data_source_illumio_ven.go:589.2,593.14 3 1
github.com/illumio/terraform-provider-illumio-core/illumio-core/data_source_illumio_ven.go:585.16,587.3 1 0
github.com/illumio/terraform-provider-illumio-core/illumio-core/data_source_illumio_ven.go:596.71,620.4 1 1
github.com/illumio/terraform-provider-illumio-core/illumio-core/data_source_illumio_ven.go:628.2,642.51 3 1
github.com/illumio/terraform-provider-illumio-core/illumio-core/data_source_illumio_ven.go:648.2,649.22 2 1
github.com/illumio/terraform-provider-illumio-core/illumio-core/data_source_illumio_ven.go:686.2,687.51 2 1
github.com/illumio/terraform-provider-illumio-core/illumio-core/data_source_illumio_ven.go:698.2,699.51 2 1
github.com/illumio/terraform-provider-illumio-core/illumio-core/data_source_illumio_ven.go:710.2,711.22 2 1
github.com/illumio/terraform-provider-illumio-core/illumio-core/data_source_illumio_ven.go:620.4,621.52 1 1
github.com/illumio/terraform-provider-illumio-core/illumio-core/data_source_illumio_ven.go:621.52,623.4 1 1
github.com/illumio/terraform-provider-illumio-core/illumio-core/data_source_illumio_ven.go:623.9,625.4 1 1
github.com/illumio/terraform-provider-illumio-core/illumio-core/data_source_illumio_ven.go:642.51,644.3 1 1
github.com/illumio/terraform-provider-illumio-core/illumio-core/data_source_illumio_ven.go:644.8,646.3 1 0
github.com/illumio/terraform-provider-illumio-core/illumio-core/data_source_illumio_ven.go:649.22,670.49 4 1
github.com/illumio/terraform-provider-illumio-core/illumio-core/data_source_illumio_ven.go:681.3,681.18 1 1
github.com/illumio/terraform-provider-illumio-core/illumio-core/data_source_illumio_ven.go:670.49,672.37 2 1
github.com/illumio/terraform-provider-illumio-core/illumio-core/data_source_illumio_ven.go:678.4,678.25 1 1
github.com/illumio/terraform-provider-illumio-core/illumio-core/data_source_illumio_ven.go:672.37,674.5 1 0
github.com/illumio/terraform-provider-illumio-core/illumio-core/data_source_illumio_ven.go:674.10,676.5 1 1
github.com/illumio/terraform-provider-illumio-core/illumio-core/data_source_illumio_ven.go:682.8,684.3 1 0
github.com/illumio/terraform-provider-illumio-core/illumio-core/data_source_illumio_ven.go:687.51,694.3 2 0
github.com/illumio/terraform-provider-illumio-core/illumio-core/data_source_illumio_ven.go:694.8,696.3 1 1
github.com/illumio/terraform-provider-illumio-core/illumio-core/data_source_illumio_ven.go:699.51,706.3 2 1
github.com/illumio/terraform-provider-illumio-core/illumio-core/data_source_illumio_ven.go:706.8,708.3 1 0
github.com/illumio/terraform-provider-illumio-core/illumio-core/data_source_illumio_ven.go:711.22,713.52 2 1
github.com/illumio/terraform-provider-illumio-core/illumio-core/data_source_illumio_ven.go:748.3,748.19 1 1
github.com/illumio/terraform-provider-illumio-core/illumio-core/data_source_illumio_ven.go:713.52,716.46 2 1
github.com/illumio/terraform-provider-illumio-core/illumio-core/data_source_illumio_ven.go:745.4,745.28 1 1
github.com/illumio/terraform-provider-illumio-core/illumio-core/data_source_illumio_ven.go:716.46,717.14 1 1
github.com/illumio/terraform-provider-illumio-core/illumio-core/data_source_illumio_ven.go:718.37,719.23 1 1
github.com/illumio/terraform-provider-illumio-core/illumio-core/data_source_illumio_ven.go:721.25,729.25 2 1
github.com/illumio/terraform-provider-illumio-core/illumio-core/data_source_illumio_ven.go:729.25,732.36 2 1
github.com/illumio/terraform-provider-illumio-core/illumio-core/data_source_illumio_ven.go:739.7,739.32 1 1
github.com/illumio/terraform-provider-illumio-core/illumio-core/data_source_illumio_ven.go:732.36,737.8 3 1
github.com/illumio/terraform-provider-illumio-core/illumio-core/data_source_illumio_ven.go:740.12,742.7 1 0
github.com/illumio/terraform-provider-illumio-core/illumio-core/data_source_illumio_ven.go:749.8,751.3 1 0
github.com/illumio/terraform-provider-illumio-core/illumio-core/data_source_illumio_vens.go:126.47,706.2 1 1
github.com/illumio/terraform-provider-illumio-core/illumio-core/data_source_illumio_vens.go:708.109,733.45 6 1
github.com/illumio/terraform-provider-illumio-core/illumio-core/data_source_illumio_vens.go:736.2,736.45 1 1
github.com/illumio/terraform-provider-illumio-core/illumio-core/data_source_illumio_vens.go:739.2,739.53 1 1
github.com/illumio/terraform-provider-illumio-core/illumio-core/data_source_illumio_vens.go:742.2,742.53 1 1
github.com/illumio/terraform-provider-illumio-core/illumio-core/data_source_illumio_vens.go:745.2,745.55 1 1
github.com/illumio/terraform-provider-illumio-core/illumio-core/data_source_illumio_vens.go:748.2,748.55 1 1
github.com/illumio/terraform-provider-illumio-core/illumio-core/data_source_illumio_vens.go:752.2,753.16 2 1
github.com/illumio/terraform-provider-illumio-core/illumio-core/data_source_illumio_vens.go:757.2,785.40 4 1
github.com/illumio/terraform-provider-illumio-core/illumio-core/data_source_illumio_vens.go:916.2,918.20 2 1
github.com/illumio/terraform-provider-illumio-core/illumio-core/data_source_illumio_vens.go:733.45,735.3 1 0
github.com/illumio/terraform-provider-illumio-core/illumio-core/data_source_illumio_vens.go:736.45,738.3 1 0
github.com/illumio/terraform-provider-illumio-core/illumio-core/data_source_illumio_vens.go:739.53,741.3 1 0
github.com/illumio/terraform-provider-illumio-core/illumio-core/data_source_illumio_vens.go:742.53,744.3 1 0
github.com/illumio/terraform-provider-illumio-core/illumio-core/data_source_illumio_vens.go:745.55,747.3 1 0
github.com/illumio/terraform-provider-illumio-core/illumio-core/data_source_illumio_vens.go:748.55,750.3 1 0
github.com/illumio/terraform-provider-illumio-core/illumio-core/data_source_illumio_vens.go:753.16,755.3 1 0
github.com/illumio/terraform-provider-illumio-core/illumio-core/data_source_illumio_vens.go:785.40,802.54 4 1
github.com/illumio/terraform-provider-illumio-core/illumio-core/data_source_illumio_vens.go:808.3,809.24 2 1
github.com/illumio/terraform-provider-illumio-core/illumio-core/data_source_illumio_vens.go:846.3,847.54 2 1
github.com/illumio/terraform-provider-illumio-core/illumio-core/data_source_illumio_vens.go:858.3,859.54 2 1
github.com/illumio/terraform-provider-illumio-core/illumio-core/data_source_illumio_vens.go:870.3,871.54 2 1
github.com/illumio/terraform-provider-illumio-core/illumio-core/data_source_illumio_vens.go:913.3,913.31 1 1
github.com/illumio/terraform-provider-illumio-core/illumio-core/data_source_illumio_vens.go:802.54,804.4 1 1
github.com/illumio/terraform-provider-illumio-core/illumio-core/data_source_illumio_vens.go:804.9,806.4 1 0
github.com/illumio/terraform-provider-illumio-core/illumio-core/data_source_illumio_vens.go:809.24,830.50 4 1
github.com/illumio/terraform-provider-illumio-core/illumio-core/data_source_illumio_vens.go:841.4,841.16 1 1
github.com/illumio/terraform-provider-illumio-core/illumio-core/data_source_illumio_vens.go:830.50,832.38 2 1
github.com/illumio/terraform-provider-illumio-core/illumio-core/data_source_illumio_vens.go:838.5,838.26 1 1
github.com/illumio/terraform-provider-illumio-core/illumio-core/data_source_illumio_vens.go:832.38,834.6 1 0
github.com/illumio/terraform-provider-illumio-core/illumio-core/data_source_illumio_vens.go:834.11,836.6 1 1
github.com/illumio/terraform-provider-illumio-core/illumio-core/data_source_illumio_vens.go:842.9,844.4 1 0
github.com/illumio/terraform-provider-illumio-core/illumio-core/data_source_illumio_vens.go:847.54,854.4 2 0
github.com/illumio/terraform-provider-illumio-core/illumio-core/data_source_illumio_vens.go:854.9,856.4 1 1
github.com/illumio/terraform-provider-illumio-core/illumio-core/data_source_illumio_vens.go:859.54,866.4 2 1
github.com/illumio/terraform-provider-illumio-core/illumio-core/data_source_illumio_vens.go:866.9,868.4 1 0
github.com/illumio/terraform-provider-illumio-core/illumio-core/data_source_illumio_vens.go:871.54,873.54 2 1
github.com/illumio/terraform-provider-illumio-core/illumio-core/data_source_illumio_vens.go:908.4,908.17 1 1
github.com/illumio/terraform-provider-illumio-core/illumio-core/data_source_illumio_vens.go:873.54,876.47 2 1
github.com/illumio/terraform-provider-illumio-core/illumio-core/data_source_illumio_vens.go:905.5,905.29 1 1
github.com/illumio/terraform-provider-illumio-core/illumio-core/data_source_illumio_vens.go:876.47,877.15 1 1
github.com/illumio/terraform-provider-illumio-core/illumio-core/data_source_illumio_vens.go:878.38,879.24 1 1
github.com/illumio/terraform-provider-illumio-core/illumio-core/data_source_illumio_vens.go:881.26,889.26 2 1
github.com/illumio/terraform-provider-illumio-core/illumio-core/data_source_illumio_vens.go:889.26,892.37 2 1
github.com/illumio/terraform-provider-illumio-core/illumio-core/data_source_illumio_vens.go:899.8,899.33 1 1
github.com/illumio/terraform-provider-illumio-core/illumio-core/data_source_illumio_vens.go:892.37,897.9 3 1
github.com/illumio/terraform-provider-illumio-core/illumio-core/data_source_illumio_vens.go:900.13,902.8 1 0
github.com/illumio/terraform-provider-illumio-core/illumio-core/data_source_illumio_vens.go:909.9,911.4 1 0
github.com/illumio/terraform-provider-illumio-core/illumio-core/resource_illumio_container_cluster_workload_profile.go:16.87,177.2 1 1
github.com/illumio/terraform-provider-illumio-core/illumio-core/resource_illumio_container_cluster_workload_profile.go:179.136,198.47 8 1
github.com/illumio/terraform-provider-illumio-core/illumio-core/resource_illumio_container_cluster_workload_profile.go:203.2,203.40 1 1
github.com/illumio/terraform-provider-illumio-core/illumio-core/resource_illumio_container_cluster_workload_profile.go:239.2,239.50 1 1
github.com/illumio/terraform-provider-illumio-core/illumio-core/resource_illumio_container_cluster_workload_profile.go:246.2,246.22 1 1
github.com/illumio/terraform-provider-illumio-core/illumio-core/resource_illumio_container_cluster_workload_profile.go:250.2,251.16 2 1
github.com/illumio/terraform-provider-illumio-core/illumio-core/resource_illumio_container_cluster_workload_profile.go:255.2,258.70 4 1
github.com/illumio/terraform-provider-illumio-core/illumio-core/resource_illumio_container_cluster_workload_profile.go:198.47,201.3 2 0
github.com/illumio/terraform-provider-illumio-core/illumio-core/resource_illumio_container_cluster_workload_profile.go:203.40,206.32 3 0
github.com/illumio/terraform-provider-illumio-core/illumio-core/resource_illumio_container_cluster_workload_profile.go:235.3,236.27 2 0
github.com/illumio/terraform-provider-illumio-core/illumio-core/resource_illumio_container_cluster_workload_profile.go:206.32,211.55 4 0
github.com/illumio/terraform-provider-illumio-core/illumio-core/resource_illumio_container_cluster_workload_profile.go:218.4,218.55 1 0
github.com/illumio/terraform-provider-illumio-core/illumio-core/resource_illumio_container_cluster_workload_profile.go:222.4,222.30 1 0
github.com/illumio/terraform-provider-illumio-core/illumio-core/resource_illumio_container_cluster_workload_profile.go:233.4,233.46 1 0
github.com/illumio/terraform-provider-illumio-core/illumio-core/resource_illumio_container_cluster_workload_profile.go:211.55,216.5 2 0
github.com/illumio/terraform-provider-illumio-core/illumio-core/resource_illumio_container_cluster_workload_profile.go:218.55,220.5 1 0
github.com/illumio/terraform-provider-illumio-core/illumio-core/resource_illumio_container_cluster_workload_profile.go:222.30,232.5 1 0
github.com/illumio/terraform-provider-illumio-core/illumio-core/resource_illumio_container_cluster_workload_profile.go:239.50,244.3 1 0
github.com/illumio/terraform-provider-illumio-core/illumio-core/resource_illumio_container_cluster_workload_profile.go:246.22,248.3 1 0
github.com/illumio/terraform-provider-illumio-core/illumio-core/resource_illumio_container_cluster_workload_profile.go:251.16,253.3 1 0
github.com/illumio/terraform-provider-illumio-core/illumio-core/resource_illumio_container_cluster_workload_profile.go:261.134,269.16 6 1
github.com/illumio/terraform-provider-illumio-core/illumio-core/resource_illumio_container_cluster_workload_profile.go:273.2,287.4 2 1
github.com/illumio/terraform-provider-illumio-core/illumio-core/resource_illumio_container_cluster_workload_profile.go:295.2,295.34 1 1
github.com/illumio/terraform-provider-illumio-core/illumio-core/resource_illumio_container_cluster_workload_profile.go:309.2,309.27 1 1
github.com/illumio/terraform-provider-illumio-core/illumio-core/resource_illumio_container_cluster_workload_profile.go:337.2,337.20 1 1
github.com/illumio/terraform-provider-illumio-core/illumio-core/resource_illumio_container_cluster_workload_profile.go:269.16,271.3 1 0
github.com/illumio/terraform-provider-illumio-core/illumio-core/resource_illumio_container_cluster_workload_profile.go:287.4,288.23 1 1
github.com/illumio/terraform-provider-illumio-core/illumio-core/resource_illumio_container_cluster_workload_profile.go:288.23,290.4 1 1
github.com/illumio/terraform-provider-illumio-core/illumio-core/resource_illumio_container_cluster_workload_profile.go:290.9,292.4 1 0
github.com/illumio/terraform-provider-illumio-core/illumio-core/resource_illumio_container_cluster_workload_profile.go:295.34,300.37 4 1
github.com/illumio/terraform-provider-illumio-core/illumio-core/resource_illumio_container_cluster_workload_profile.go:304.3,304.30 1 1
github.com/illumio/terraform-provider-illumio-core/illumio-core/resource_illumio_container_cluster_workload_profile.go:300.37,302.4 1 0
github.com/illumio/terraform-provider-illumio-core/illumio-core/resource_illumio_container_cluster_workload_profile.go:305.8,307.3 1 0
github.com/illumio/terraform-provider-illumio-core/illumio-core/resource_illumio_container_cluster_workload_profile.go:309.27,318.43 4 1
github.com/illumio/terraform-provider-illumio-core/illumio-core/resource_illumio_container_cluster_workload_profile.go:332.3,332.26 1 1
github.com/illumio/terraform-provider-illumio-core/illumio-core/resource_illumio_container_cluster_workload_profile.go:318.43,320.34 2 0
github.com/illumio/terraform-provider-illumio-core/illumio-core/resource_illumio_container_cluster_workload_profile.go:325.4,325.35 1 0
github.com/illumio/terraform-provider-illumio-core/illumio-core/resource_illumio_container_cluster_workload_profile.go:330.4,330.37 1 0
github.com/illumio/terraform-provider-illumio-core/illumio-core/resource_illumio_container_cluster_workload_profile.go:320.34,322.5 1 0
github.com/illumio/terraform-provider-illumio-core/illumio-core/resource_illumio_container_cluster_workload_profile.go:322.10,324.5 1 0
github.com/illumio/terraform-provider-illumio-core/illumio-core/resource_illumio_container_cluster_workload_profile.go:325.35,327.5 1 0
github.com/illumio/terraform-provider-illumio-core/illumio-core/resource_illumio_container_cluster_workload_profile.go:327.10,329.5 1 0
github.com/illumio/terraform-provider-illumio-core/illumio-core/resource_illumio_container_cluster_workload_profile.go:333.8,335.3 1 0
github.com/illumio/terraform-provider-illumio-core/illumio-core/resource_illumio_container_cluster_workload_profile.go:340.136,355.34 7 1
github.com/illumio/terraform-provider-illumio-core/illumio-core/resource_illumio_container_cluster_workload_profile.go:363.2,363.27 1 1
github.com/illumio/terraform-provider-illumio-core/illumio-core/resource_illumio_container_cluster_workload_profile.go:400.2,400.44 1 1
github.com/illumio/terraform-provider-illumio-core/illumio-core/resource_illumio_container_cluster_workload_profile.go:407.2,407.22 1 1
github.com/illumio/terraform-provider-illumio-core/illumio-core/resource_illumio_container_cluster_workload_profile.go:411.2,412.16 2 1
github.com/illumio/terraform-provider-illumio-core/illumio-core/resource_illumio_container_cluster_workload_profile.go:416.2,416.70 1 1
github.com/illumio/terraform-provider-illumio-core/illumio-core/resource_illumio_container_cluster_workload_profile.go:355.34,358.42 3 0
github.com/illumio/terraform-provider-illumio-core/illumio-core/resource_illumio_container_cluster_workload_profile.go:358.42,360.4 1 0
github.com/illumio/terraform-provider-illumio-core/illumio-core/resource_illumio_container_cluster_workload_profile.go:363.27,367.32 4 0
github.com/illumio/terraform-provider-illumio-core/illumio-core/resource_illumio_container_cluster_workload_profile.go:394.3,395.42 2 0
github.com/illumio/terraform-provider-illumio-core/illumio-core/resource_illumio_container_cluster_workload_profile.go:367.32,371.55 4 0
github.com/illumio/terraform-provider-illumio-core/illumio-core/resource_illumio_container_cluster_workload_profile.go:377.4,377.55 1 0
github.com/illumio/terraform-provider-illumio-core/illumio-core/resource_illumio_container_cluster_workload_profile.go:381.4,381.30 1 0
github.com/illumio/terraform-provider-illumio-core/illumio-core/resource_illumio_container_cluster_workload_profile.go:392.4,392.46 1 0
github.com/illumio/terraform-provider-illumio-core/illumio-core/resource_illumio_container_cluster_workload_profile.go:371.55,376.5 2 0
github.com/illumio/terraform-provider-illumio-core/illumio-core/resource_illumio_container_cluster_workload_profile.go:377.55,379.5 1 0
github.com/illumio/terraform-provider-illumio-core/illumio-core/resource_illumio_container_cluster_workload_profile.go:381.30,391.5 1 0
github.com/illumio/terraform-provider-illumio-core/illumio-core/resource_illumio_container_cluster_workload_profile.go:395.42,397.4 1 0
github.com/illumio/terraform-provider-illumio-core/illumio-core/resource_illumio_container_cluster_workload_profile.go:400.44,405.3 1 0
github.com/illumio/terraform-provider-illumio-core/illumio-core/resource_illumio_container_cluster_workload_profile.go:407.22,409.3 1 0
github.com/illumio/terraform-provider-illumio-core/illumio-core/resource_illumio_container_cluster_workload_profile.go:412.16,414.3 1 0
github.com/illumio/terraform-provider-illumio-core/illumio-core/resource_illumio_container_cluster_workload_profile.go:419.136,426.16 6 1
github.com/illumio/terraform-provider-illumio-core/illumio-core/resource_illumio_container_cluster_workload_profile.go:430.2,431.20 2 1
github.com/illumio/terraform-provider-illumio-core/illumio-core/resource_illumio_container_cluster_workload_profile.go:426.16,428.3 1 0
github.com/illumio/terraform-provider-illumio-core/illumio-core/resource_illumio_traffic_collector_settings.go:25.65,97.2 1 1
github.com/illumio/terraform-provider-illumio-core/illumio-core/resource_illumio_traffic_collector_settings.go:99.129,106.47 5 1
github.com/illumio/terraform-provider-illumio-core/illumio-core/resource_illumio_traffic_collector_settings.go:124.2,125.16 2 1
github.com/illumio/terraform-provider-illumio-core/illumio-core/resource_illumio_traffic_collector_settings.go:128.2,130.63 2 1
github.com/illumio/terraform-provider-illumio-core/illumio-core/resource_illumio_traffic_collector_settings.go:106.47,114.3 1 0
github.com/illumio/terraform-provider-illumio-core/illumio-core/resource_illumio_traffic_collector_settings.go:114.8,114.59 1 1
github.com/illumio/terraform-provider-illumio-core/illumio-core/resource_illumio_traffic_collector_settings.go:114.59,122.3 1 0
github.com/illumio/terraform-provider-illumio-core/illumio-core/resource_illumio_traffic_collector_settings.go:125.16,127.3 1 0
github.com/illumio/terraform-provider-illumio-core/illumio-core/resource_illumio_traffic_collector_settings.go:133.101,139.2 1 1
[...]
github.com/illumio/terraform-provider-illumio-core/illumio-core/resource_illumio_enforcement_boundary.go:262.43,264.49 2 0
github.com/illumio/terraform-provider-illumio-core/illumio-core/resource_illumio_enforcement_boundary.go:264.49,265.27 1 0
github.com/illumio/terraform-provider-illumio-core/illumio-core/resource_illumio_enforcement_boundary.go:265.27,267.8 1 0
github.com/illumio/terraform-provider-illumio-core/illumio-core/resource_illumio_enforcement_boundary.go:267.13,269.8 1 0
github.com/illumio/terraform-provider-illumio-core/illumio-core/resource_illumio_enforcement_boundary.go:281.139,284.37 2 1
github.com/illumio/terraform-provider-illumio-core/illumio-core/resource_illumio_enforcement_boundary.go:300.2,300.33 1 1
github.com/illumio/terraform-provider-illumio-core/illumio-core/resource_illumio_enforcement_boundary.go:284.37,294.25 3 1
github.com/illumio/terraform-provider-illumio-core/illumio-core/resource_illumio_enforcement_boundary.go:297.3,297.27 1 1
github.com/illumio/terraform-provider-illumio-core/illumio-core/resource_illumio_enforcement_boundary.go:294.25,296.4 1 0
github.com/illumio/terraform-provider-illumio-core/illumio-core/resource_illumio_enforcement_boundary.go:303.139,306.37 2 1
github.com/illumio/terraform-provider-illumio-core/illumio-core/resource_illumio_enforcement_boundary.go:320.2,320.34 1 1
github.com/illumio/terraform-provider-illumio-core/illumio-core/resource_illumio_enforcement_boundary.go:306.37,314.26 3 1
github.com/illumio/terraform-provider-illumio-core/illumio-core/resource_illumio_enforcement_boundary.go:318.3,318.30 1 1
github.com/illumio/terraform-provider-illumio-core/illumio-core/resource_illumio_enforcement_boundary.go:314.26,316.4 1 0
github.com/illumio/terraform-provider-illumio-core/illumio-core/resource_illumio_enforcement_boundary.go:323.122,329.16 5 1
github.com/illumio/terraform-provider-illumio-core/illumio-core/resource_illumio_enforcement_boundary.go:333.2,343.4 1 1
github.com/illumio/terraform-provider-illumio-core/illumio-core/resource_illumio_enforcement_boundary.go:351.2,351.37 1 1
github.com/illumio/terraform-provider-illumio-core/illumio-core/resource_illumio_enforcement_boundary.go:374.2,377.20 3 1
github.com/illumio/terraform-provider-illumio-core/illumio-core/resource_illumio_enforcement_boundary.go:329.16,331.3 1 0
github.com/illumio/terraform-provider-illumio-core/illumio-core/resource_illumio_enforcement_boundary.go:343.4,344.23 1 1
github.com/illumio/terraform-provider-illumio-core/illumio-core/resource_illumio_enforcement_boundary.go:344.23,346.4 1 1
github.com/illumio/terraform-provider-illumio-core/illumio-core/resource_illumio_enforcement_boundary.go:346.9,348.4 1 0
github.com/illumio/terraform-provider-illumio-core/illumio-core/resource_illumio_enforcement_boundary.go:351.37,355.36 3 1
github.com/illumio/terraform-provider-illumio-core/illumio-core/resource_illumio_enforcement_boundary.go:369.3,369.33 1 1
github.com/illumio/terraform-provider-illumio-core/illumio-core/resource_illumio_enforcement_boundary.go:355.36,358.55 2 1
github.com/illumio/terraform-provider-illumio-core/illumio-core/resource_illumio_enforcement_boundary.go:358.55,359.20 1 1
github.com/illumio/terraform-provider-illumio-core/illumio-core/resource_illumio_enforcement_boundary.go:365.5,365.26 1 1
github.com/illumio/terraform-provider-illumio-core/illumio-core/resource_illumio_enforcement_boundary.go:359.20,361.6 1 1
github.com/illumio/terraform-provider-illumio-core/illumio-core/resource_illumio_enforcement_boundary.go:361.11,363.6 1 0
github.com/illumio/terraform-provider-illumio-core/illumio-core/resource_illumio_enforcement_boundary.go:370.8,372.3 1 0
github.com/illumio/terraform-provider-illumio-core/illumio-core/resource_illumio_enforcement_boundary.go:380.69,389.45 3 1
github.com/illumio/terraform-provider-illumio-core/illumio-core/resource_illumio_enforcement_boundary.go:407.2,407.15 1 1
github.com/illumio/terraform-provider-illumio-core/illumio-core/resource_illumio_enforcement_boundary.go:389.45,392.46 2 1
github.com/illumio/terraform-provider-illumio-core/illumio-core/resource_illumio_enforcement_boundary.go:404.3,404.33 1 1
github.com/illumio/terraform-provider-illumio-core/illumio-core/resource_illumio_enforcement_boundary.go:392.46,393.21 1 1
github.com/illumio/terraform-provider-illumio-core/illumio-core/resource_illumio_enforcement_boundary.go:393.21,395.5 1 1
github.com/illumio/terraform-provider-illumio-core/illumio-core/resource_illumio_enforcement_boundary.go:395.10,395.39 1 1
github.com/illumio/terraform-provider-illumio-core/illumio-core/resource_illumio_enforcement_boundary.go:395.39,402.5 4 1
github.com/illumio/terraform-provider-illumio-core/illumio-core/resource_illumio_enforcement_boundary.go:410.124,432.22 11 1
github.com/illumio/terraform-provider-illumio-core/illumio-core/resource_illumio_enforcement_boundary.go:436.2,437.16 2 1
github.com/illumio/terraform-provider-illumio-core/illumio-core/resource_illumio_enforcement_boundary.go:441.2,443.58 2 1
github.com/illumio/terraform-provider-illumio-core/illumio-core/resource_illumio_enforcement_boundary.go:432.22,434.3 1 0
github.com/illumio/terraform-provider-illumio-core/illumio-core/resource_illumio_enforcement_boundary.go:437.16,439.3 1 0
github.com/illumio/terraform-provider-illumio-core/illumio-core/resource_illumio_enforcement_boundary.go:446.124,454.16 6 1
github.com/illumio/terraform-provider-illumio-core/illumio-core/resource_illumio_enforcement_boundary.go:458.2,461.20 3 1
github.com/illumio/terraform-provider-illumio-core/illumio-core/resource_illumio_enforcement_boundary.go:454.16,456.3 1 0
github.com/illumio/terraform-provider-illumio-core/illumio-core/resource_illumio_pairing_keys.go:23.44,25.15 2 1
github.com/illumio/terraform-provider-illumio-core/illumio-core/resource_illumio_pairing_keys.go:28.2,28.17 1 1
github.com/illumio/terraform-provider-illumio-core/illumio-core/resource_illumio_pairing_keys.go:25.15,27.3 1 0
github.com/illumio/terraform-provider-illumio-core/illumio-core/resource_illumio_pairing_keys.go:31.69,32.61 1 1
github.com/illumio/terraform-provider-illumio-core/illumio-core/resource_illumio_pairing_keys.go:32.61,34.55 2 1
github.com/illumio/terraform-provider-illumio-core/illumio-core/resource_illumio_pairing_keys.go:37.3,38.17 2 1
github.com/illumio/terraform-provider-illumio-core/illumio-core/resource_illumio_pairing_keys.go:46.3,47.17 2 1
github.com/illumio/terraform-provider-illumio-core/illumio-core/resource_illumio_pairing_keys.go:54.3,55.17 2 1
github.com/illumio/terraform-provider-illumio-core/illumio-core/resource_illumio_pairing_keys.go:63.3,63.15 1 1
github.com/illumio/terraform-provider-illumio-core/illumio-core/resource_illumio_pairing_keys.go:34.55,36.4 1 0
github.com/illumio/terraform-provider-illumio-core/illumio-core/resource_illumio_pairing_keys.go:38.17,45.4 2 0
github.com/illumio/terraform-provider-illumio-core/illumio-core/resource_illumio_pairing_keys.go:47.17,53.4 1 0
github.com/illumio/terraform-provider-illumio-core/illumio-core/resource_illumio_pairing_keys.go:55.17,61.4 1 0
github.com/illumio/terraform-provider-illumio-core/illumio-core/resource_illumio_pairing_keys.go:67.52,113.2 1 1
github.com/illumio/terraform-provider-illumio-core/illumio-core/resource_illumio_pairing_keys.go:115.141,122.33 6 1
github.com/illumio/terraform-provider-illumio-core/illumio-core/resource_illumio_pairing_keys.go:152.2,152.23 1 1
github.com/illumio/terraform-provider-illumio-core/illumio-core/resource_illumio_pairing_keys.go:170.2,177.17 4 0
github.com/illumio/terraform-provider-illumio-core/illumio-core/resource_illumio_pairing_keys.go:122.33,124.17 2 1
github.com/illumio/terraform-provider-illumio-core/illumio-core/resource_illumio_pairing_keys.go:124.17,130.59 2 0
github.com/illumio/terraform-provider-illumio-core/illumio-core/resource_illumio_pairing_keys.go:130.59,132.10 2 0
github.com/illumio/terraform-provider-illumio-core/illumio-core/resource_illumio_pairing_keys.go:134.9,138.18 4 1
github.com/illumio/terraform-provider-illumio-core/illumio-core/resource_illumio_pairing_keys.go:138.18,143.5 1 0
github.com/illumio/terraform-provider-illumio-core/illumio-core/resource_illumio_pairing_keys.go:143.10,149.5 2 1
github.com/illumio/terraform-provider-illumio-core/illumio-core/resource_illumio_pairing_keys.go:152.23,157.23 3 1
github.com/illumio/terraform-provider-illumio-core/illumio-core/resource_illumio_pairing_keys.go:157.23,166.4 4 0
github.com/illumio/terraform-provider-illumio-core/illumio-core/resource_illumio_pairing_keys.go:166.9,168.4 1 1
github.com/illumio/terraform-provider-illumio-core/illumio-core/resource_illumio_pairing_keys.go:180.116,186.2 3 1
github.com/illumio/terraform-provider-illumio-core/illumio-core/resource_illumio_pairing_keys.go:188.116,189.41 1 1
github.com/illumio/terraform-provider-illumio-core/illumio-core/resource_illumio_pairing_keys.go:192.2,195.15 4 1
github.com/illumio/terraform-provider-illumio-core/illumio-core/resource_illumio_pairing_keys.go:200.2,200.74 1 1
github.com/illumio/terraform-provider-illumio-core/illumio-core/resource_illumio_pairing_keys.go:189.41,191.3 1 0
github.com/illumio/terraform-provider-illumio-core/illumio-core/resource_illumio_pairing_keys.go:195.15,199.3 3 1
github.com/illumio/terraform-provider-illumio-core/illumio-core/resource_illumio_pairing_keys.go:203.114,205.2 1 1
github.com/illumio/terraform-provider-illumio-core/illumio-core/resource_illumio_pairing_keys.go:207.116,213.16 5 1
github.com/illumio/terraform-provider-illumio-core/illumio-core/resource_illumio_pairing_keys.go:217.2,218.20 2 1
github.com/illumio/terraform-provider-illumio-core/illumio-core/resource_illumio_pairing_keys.go:213.16,215.3 1 0
github.com/illumio/terraform-provider-illumio-core/illumio-core/resource_illumio_security_rule.go:24.53,34.2 1 1
github.com/illumio/terraform-provider-illumio-core/illumio-core/resource_illumio_security_rule.go:36.64,45.2 3 1
github.com/illumio/terraform-provider-illumio-core/illumio-core/resource_illumio_security_rule.go:47.68,315.2 1 1
github.com/illumio/terraform-provider-illumio-core/illumio-core/resource_illumio_security_rule.go:317.117,325.22 5 1
github.com/illumio/terraform-provider-illumio-core/illumio-core/resource_illumio_security_rule.go:329.2,330.16 2 1
github.com/illumio/terraform-provider-illumio-core/illumio-core/resource_illumio_security_rule.go:334.2,338.51 3 1
github.com/illumio/terraform-provider-illumio-core/illumio-core/resource_illumio_security_rule.go:325.22,327.3 1 0
github.com/illumio/terraform-provider-illumio-core/illumio-core/resource_illumio_security_rule.go:330.16,332.3 1 0
github.com/illumio/terraform-provider-illumio-core/illumio-core/resource_illumio_security_rule.go:341.98,354.28 3 1
github.com/illumio/terraform-provider-illumio-core/illumio-core/resource_illumio_security_rule.go:358.2,377.24 13 1
github.com/illumio/terraform-provider-illumio-core/illumio-core/resource_illumio_security_rule.go:354.28,356.3 1 0
github.com/illumio/terraform-provider-illumio-core/illumio-core/resource_illumio_security_rule.go:380.117,387.52 5 1
github.com/illumio/terraform-provider-illumio-core/illumio-core/resource_illumio_security_rule.go:391.2,391.51 1 1
github.com/illumio/terraform-provider-illumio-core/illumio-core/resource_illumio_security_rule.go:395.2,400.17 2 1
github.com/illumio/terraform-provider-illumio-core/illumio-core/resource_illumio_security_rule.go:387.52,389.3 1 0
github.com/illumio/terraform-provider-illumio-core/illumio-core/resource_illumio_security_rule.go:391.51,393.3 1 0
github.com/illumio/terraform-provider-illumio-core/illumio-core/resource_illumio_security_rule.go:403.132,409.37 3 1
github.com/illumio/terraform-provider-illumio-core/illumio-core/resource_illumio_security_rule.go:413.2,413.15 1 1
github.com/illumio/terraform-provider-illumio-core/illumio-core/resource_illumio_security_rule.go:446.2,446.19 1 1
github.com/illumio/terraform-provider-illumio-core/illumio-core/resource_illumio_security_rule.go:409.37,411.3 1 0
github.com/illumio/terraform-provider-illumio-core/illumio-core/resource_illumio_security_rule.go:413.15,414.27 1 1
github.com/illumio/terraform-provider-illumio-core/illumio-core/resource_illumio_security_rule.go:417.3,417.38 1 1
github.com/illumio/terraform-provider-illumio-core/illumio-core/resource_illumio_security_rule.go:414.27,416.4 1 0
github.com/illumio/terraform-provider-illumio-core/illumio-core/resource_illumio_security_rule.go:417.38,422.46 3 1
github.com/illumio/terraform-provider-illumio-core/illumio-core/resource_illumio_security_rule.go:442.4,442.24 1 1
github.com/illumio/terraform-provider-illumio-core/illumio-core/resource_illumio_security_rule.go:422.46,423.33 1 1
github.com/illumio/terraform-provider-illumio-core/illumio-core/resource_illumio_security_rule.go:427.5,427.40 1 1
github.com/illumio/terraform-provider-illumio-core/illumio-core/resource_illumio_security_rule.go:423.33,425.6 1 0
github.com/illumio/terraform-provider-illumio-core/illumio-core/resource_illumio_security_rule.go:427.40,429.44 2 1
github.com/illumio/terraform-provider-illumio-core/illumio-core/resource_illumio_security_rule.go:429.44,431.50 2 1
github.com/illumio/terraform-provider-illumio-core/illumio-core/resource_illumio_security_rule.go:431.50,432.28 1 0
github.com/illumio/terraform-provider-illumio-core/illumio-core/resource_illumio_security_rule.go:432.28,434.9 1 0
github.com/illumio/terraform-provider-illumio-core/illumio-core/resource_illumio_security_rule.go:434.14,436.9 1 0
github.com/illumio/terraform-provider-illumio-core/illumio-core/resource_illumio_security_rule.go:452.90,458.9 5 1
github.com/illumio/terraform-provider-illumio-core/illumio-core/resource_illumio_security_rule.go:480.2,480.14 1 0
github.com/illumio/terraform-provider-illumio-core/illumio-core/resource_illumio_security_rule.go:459.27,460.139 1 0
github.com/illumio/terraform-provider-illumio-core/illumio-core/resource_illumio_security_rule.go:462.25,463.138 1 0
github.com/illumio/terraform-provider-illumio-core/illumio-core/resource_illumio_security_rule.go:465.14,466.25 1 1
github.com/illumio/terraform-provider-illumio-core/illumio-core/resource_illumio_security_rule.go:470.3,470.14 1 1
github.com/illumio/terraform-provider-illumio-core/illumio-core/resource_illumio_security_rule.go:472.15,473.26 1 1
github.com/illumio/terraform-provider-illumio-core/illumio-core/resource_illumio_security_rule.go:477.3,477.14 1 1
github.com/illumio/terraform-provider-illumio-core/illumio-core/resource_illumio_security_rule.go:466.25,469.4 2 0
github.com/illumio/terraform-provider-illumio-core/illumio-core/resource_illumio_security_rule.go:473.26,476.4 2 0
github.com/illumio/terraform-provider-illumio-core/illumio-core/resource_illumio_security_rule.go:483.117,486.37 2 1
github.com/illumio/terraform-provider-illumio-core/illumio-core/resource_illumio_security_rule.go:503.2,503.34 1 1
github.com/illumio/terraform-provider-illumio-core/illumio-core/resource_illumio_security_rule.go:486.37,497.26 3 1
github.com/illumio/terraform-provider-illumio-core/illumio-core/resource_illumio_security_rule.go:501.3,501.30 1 1
github.com/illumio/terraform-provider-illumio-core/illumio-core/resource_illumio_security_rule.go:497.26,499.4 1 0
github.com/illumio/terraform-provider-illumio-core/illumio-core/resource_illumio_security_rule.go:506.117,509.37 2 1
github.com/illumio/terraform-provider-illumio-core/illumio-core/resource_illumio_security_rule.go:527.2,527.33 1 1
github.com/illumio/terraform-provider-illumio-core/illumio-core/resource_illumio_security_rule.go:509.37,521.25 3 1
github.com/illumio/terraform-provider-illumio-core/illumio-core/resource_illumio_security_rule.go:524.3,524.27 1 1
github.com/illumio/terraform-provider-illumio-core/illumio-core/resource_illumio_security_rule.go:521.25,523.4 1 0
github.com/illumio/terraform-provider-illumio-core/illumio-core/resource_illumio_security_rule.go:530.115,536.16 5 1
github.com/illumio/terraform-provider-illumio-core/illumio-core/resource_illumio_security_rule.go:540.2,559.29 2 1
github.com/illumio/terraform-provider-illumio-core/illumio-core/resource_illumio_security_rule.go:567.2,568.24 2 1
github.com/illumio/terraform-provider-illumio-core/illumio-core/resource_illumio_security_rule.go:574.2,575.25 2 1
github.com/illumio/terraform-provider-illumio-core/illumio-core/resource_illumio_security_rule.go:581.2,582.24 2 1
github.com/illumio/terraform-provider-illumio-core/illumio-core/resource_illumio_security_rule.go:586.2,587.25 2 1
github.com/illumio/terraform-provider-illumio-core/illumio-core/resource_illumio_security_rule.go:591.2,591.20 1 1
github.com/illumio/terraform-provider-illumio-core/illumio-core/resource_illumio_security_rule.go:536.16,538.3 1 0
github.com/illumio/terraform-provider-illumio-core/illumio-core/resource_illumio_security_rule.go:559.29,560.23 1 1
github.com/illumio/terraform-provider-illumio-core/illumio-core/resource_illumio_security_rule.go:560.23,562.4 1 1
github.com/illumio/terraform-provider-illumio-core/illumio-core/resource_illumio_security_rule.go:562.9,564.4 1 1
github.com/illumio/terraform-provider-illumio-core/illumio-core/resource_illumio_security_rule.go:568.24,570.3 1 1
github.com/illumio/terraform-provider-illumio-core/illumio-core/resource_illumio_security_rule.go:570.8,572.3 1 0
github.com/illumio/terraform-provider-illumio-core/illumio-core/resource_illumio_security_rule.go:575.25,577.3 1 1
github.com/illumio/terraform-provider-illumio-core/illumio-core/resource_illumio_security_rule.go:577.8,579.3 1 0
github.com/illumio/terraform-provider-illumio-core/illumio-core/resource_illumio_security_rule.go:582.24,584.3 1 1
github.com/illumio/terraform-provider-illumio-core/illumio-core/resource_illumio_security_rule.go:587.25,589.3 1 1
github.com/illumio/terraform-provider-illumio-core/illumio-core/resource_illumio_security_rule.go:594.76,601.2 2 1
github.com/illumio/terraform-provider-illumio-core/illumio-core/resource_illumio_security_rule.go:603.95,611.45 3 1
github.com/illumio/terraform-provider-illumio-core/illumio-core/resource_illumio_security_rule.go:625.2,625.12 1 1
github.com/illumio/terraform-provider-illumio-core/illumio-core/resource_illumio_security_rule.go:611.45,614.46 2 1
github.com/illumio/terraform-provider-illumio-core/illumio-core/resource_illumio_security_rule.go:614.46,615.19 1 1
github.com/illumio/terraform-provider-illumio-core/illumio-core/resource_illumio_security_rule.go:621.4,621.25 1 1
github.com/illumio/terraform-provider-illumio-core/illumio-core/resource_illumio_security_rule.go:615.19,617.5 1 0
github.com/illumio/terraform-provider-illumio-core/illumio-core/resource_illumio_security_rule.go:617.10,617.34 1 1
github.com/illumio/terraform-provider-illumio-core/illumio-core/resource_illumio_security_rule.go:617.34,619.5 1 1
github.com/illumio/terraform-provider-illumio-core/illumio-core/resource_illumio_security_rule.go:628.117,664.28 13 1
github.com/illumio/terraform-provider-illumio-core/illumio-core/resource_illumio_security_rule.go:668.2,668.22 1 1
github.com/illumio/terraform-provider-illumio-core/illumio-core/resource_illumio_security_rule.go:672.2,673.16 2 1
github.com/illumio/terraform-provider-illumio-core/illumio-core/resource_illumio_security_rule.go:677.2,681.51 3 1
github.com/illumio/terraform-provider-illumio-core/illumio-core/resource_illumio_security_rule.go:664.28,666.3 1 0
github.com/illumio/terraform-provider-illumio-core/illumio-core/resource_illumio_security_rule.go:668.22,670.3 1 0
github.com/illumio/terraform-provider-illumio-core/illumio-core/resource_illumio_security_rule.go:673.16,675.3 1 0
github.com/illumio/terraform-provider-illumio-core/illumio-core/resource_illumio_security_rule.go:684.117,692.16 6 1
github.com/illumio/terraform-provider-illumio-core/illumio-core/resource_illumio_security_rule.go:696.2,699.20 3 1
github.com/illumio/terraform-provider-illumio-core/illumio-core/resource_illumio_security_rule.go:692.16,694.3 1 0
